#
# A fatal error has been detected by the Java Runtime Environment:
#
#  SIGILL (0x4) at pc=0x00007fff3de4db1e, pid=64465, tid=0x0000000000013803
#
# JRE version: Java(TM) SE Runtime Environment (8.0_201-b09) (build 1.8.0_201-b09)
# Java VM: Java HotSpot(TM) 64-Bit Server VM (25.201-b09 mixed mode bsd-amd64 compressed oops)
# Problematic frame:
# C  [CoreFoundation+0x13bb1e]  _CFRelease+0x42f
#
# Failed to write core dump. Core dumps have been disabled. To enable core dumping, try "ulimit -c unlimited" before starting Java again
#
# If you would like to submit a bug report, please visit:
#   http://bugreport.java.com/bugreport/crash.jsp
#

---------------  T H R E A D  ---------------

Current thread is native thread

siginfo: si_signo: 4 (SIGILL), si_code: 1 (ILL_ILLOPC), si_addr: 0x00007fff3de4db1e

Registers:
RAX=0x00007fff3e093cdd, RBX=0x0000000000611c80, RCX=0x00007fff95d33e70, RDX=0x00007fff95d3d650
RSP=0x000070000d9de840, RBP=0x000070000d9de880, RSI=0x0000010000000100, RDI=0x00007f8c60d73440
R8 =0x0000000000270740, R9 =0xffffffff00000000, R10=0x00007f8c67a0e328, R11=0x00007f8c60c0bb00
R12=0x0000000000000018, R13=0x00007fff68989680, R14=0x00007f8c67a8b830, R15=0x0000000000000008
RIP=0x00007fff3de4db1e, EFLAGS=0x0000000000010203, ERR=0x0000000000000000
  TRAPNO=0x0000000000000006

Top of Stack: (sp=0x000070000d9de840)
0x000070000d9de840:   0000000000000000 000000016a372f69
0x000070000d9de850:   00007fff95d33e70 00007f8c67a0e1a0
0x000070000d9de860:   0000000000000018 00007fff68989680
0x000070000d9de870:   00007f8c67a8b830 0000000000000008
0x000070000d9de880:   000070000d9de8c0 00000001297fa310
0x000070000d9de890:   0000000000000001 00007f8c6799f160
0x000070000d9de8a0:   00007fff68989680 00007f8c60d18040
0x000070000d9de8b0:   00007fff3bf5a5cc 00007fff3bf55e41
0x000070000d9de8c0:   000070000d9de910 00007fff39eff80c
0x000070000d9de8d0:   00007fff39f98c4e 00007fff3bf55a5a
0x000070000d9de8e0:   00007fff39f9f6fc 00007f8c60d18040
0x000070000d9de8f0:   0000000000000000 0000000000000000
0x000070000d9de900:   000000010b6145c0 0000000000000000
0x000070000d9de910:   000070000d9de930 00007fff6a1775f8
0x000070000d9de920:   000000010b6147c0 0000000000000114
0x000070000d9de930:   000070000d9de950 00007fff6a17863d
0x000070000d9de940:   000000010b6147c0 0000000000000114
0x000070000d9de950:   000070000d9de9e0 00007fff6a17e8e0
0x000070000d9de960:   00007fff9d1ab840 0000001000000010
0x000070000d9de970:   00007fff9d1ab840 0000000000000000
0x000070000d9de980:   0001000000000005 0000000000000000
0x000070000d9de990:   000070000d9dea80 00007f8c67a0ea60
0x000070000d9de9a0:   00007f8c67a0ea10 000070000d9dea20
0x000070000d9de9b0:   000300020d9dea80 00007fff9d1ab840
0x000070000d9de9c0:   0000000000000002 0000000000030002
0x000070000d9de9d0:   000070000d9dea80 00007f8c67a0ea10
0x000070000d9de9e0:   000070000d9dea50 00007fff6a17f396
0x000070000d9de9f0:   0000000000000000 0000000000000000
0x000070000d9dea00:   00007f8c67a0ea48 0000003700000001
0x000070000d9dea10:   001ffea400000000 0000000084004000
0x000070000d9dea20:   0040020000000001 00007f8c67a0ea10
0x000070000d9dea30:   000070000d9df0a0 00007f8c67a0ea10 

Instructions: (pc=0x00007fff3de4db1e)
0x00007fff3de4dafe:   ff ff 48 8d 05 96 5d 24 00 48 89 05 0a fb ee 57
0x00007fff3de4db0e:   0f 0b 48 8d 05 c6 61 24 00 48 89 05 fa fa ee 57
0x00007fff3de4db1e:   0f 0b 55 48 89 e5 48 8d 35 1f 5e 24 00 bf 02 00
0x00007fff3de4db2e:   00 00 ba 65 00 00 00 e8 c0 d8 05 00 48 8d 35 6f 

Register to memory mapping:

RAX=0x00007fff3e093cdd: _XMLPlistAppendDataUsingBase64.__CFPLDataEncodeTable+0x208d in /System/Library/Frameworks/CoreFoundation.framework/Versions/A/CoreFoundation at 0x00007fff3dd12000
RBX=0x0000000000611c80 is an unknown value
RCX=0x00007fff95d33e70: OBJC_CLASS_$___NSCFType+0 in /System/Library/Frameworks/CoreFoundation.framework/Versions/A/CoreFoundation at 0x00007fff3dd12000
RDX=0x00007fff95d3d650: __CFRuntimeObjCClassTable+0 in /System/Library/Frameworks/CoreFoundation.framework/Versions/A/CoreFoundation at 0x00007fff3dd12000
RSP=0x000070000d9de840 is an unknown value
RBP=0x000070000d9de880 is an unknown value
RSI=0x0000010000000100 is an unknown value
RDI=0x00007f8c60d73440 is an unknown value
R8 =0x0000000000270740 is an unknown value
R9 =0xffffffff00000000 is an unknown value
R10=0x00007f8c67a0e328 is an unknown value
R11=0x00007f8c60c0bb00 is an unknown value
R12=0x0000000000000018 is an unknown value
R13=0x00007fff68989680: objc_msgSend+0 in /usr/lib/libobjc.A.dylib at 0x00007fff68983000
R14=0x00007f8c67a8b830 is an unknown value
R15=0x0000000000000008 is an unknown value


Stack: [0x000070000d95f000,0x000070000d9df000],  sp=0x000070000d9de840,  free space=510k
Native frames: (J=compiled Java code, j=interpreted, Vv=VM code, C=native code)
C  [CoreFoundation+0x13bb1e]  _CFRelease+0x42f
C  [libopencv_videoio.4.0.dylib+0x25310]  cv::AVIWriteContainer::jflushStream(unsigned int, int)+0x3860
C  [AVFoundation+0x12380c]  __ConsumerRender_block_invoke+0xd1
C  [libdispatch.dylib+0x25f8]  _dispatch_call_block_and_release+0xc
C  [libdispatch.dylib+0x363d]  _dispatch_client_callout+0x8
C  [libdispatch.dylib+0x98e0]  _dispatch_lane_serial_drain+0x25a
C  [libdispatch.dylib+0xa396]  _dispatch_lane_invoke+0x181
C  [libdispatch.dylib+0x126ed]  _dispatch_workloop_worker_thread+0x256
C  [libsystem_pthread.dylib+0x2611]  _pthread_wqthread+0x1a5
C  [libsystem_pthread.dylib+0x23fd]  start_wqthread+0xd


---------------  P R O C E S S  ---------------

VM state:not at safepoint (normal execution)

VM Mutex/Monitor currently owned by a thread: None

heap address: 0x00000006c0000000, size: 4096 MB, Compressed Oops mode: Zero based, Oop shift amount: 3
Narrow klass base: 0x0000000000000000, Narrow klass shift: 3
Compressed class space size: 1073741824 Address: 0x00000007c0000000

Heap:
 PSYoungGen      total 985600K, used 429065K [0x000000076ab00000, 0x00000007b6d80000, 0x00000007c0000000)
  eden space 965632K, 42% used [0x000000076ab00000,0x0000000783a877e0,0x00000007a5a00000)
  from space 19968K, 99% used [0x00000007a5a00000,0x00000007a6d7af50,0x00000007a6d80000)
  to   space 25088K, 0% used [0x00000007b5500000,0x00000007b5500000,0x00000007b6d80000)
 ParOldGen       total 154624K, used 69926K [0x00000006c0000000, 0x00000006c9700000, 0x000000076ab00000)
  object space 154624K, 45% used [0x00000006c0000000,0x00000006c4449b20,0x00000006c9700000)
 Metaspace       used 39454K, capacity 41020K, committed 41128K, reserved 1085440K
  class space    used 4949K, capacity 5253K, committed 5296K, reserved 1048576K

Card table byte_map: [0x000000010dd79000,0x000000010e57a000] byte_map_base: 0x000000010a779000

Marking Bits: (ParMarkBitMap*) 0x000000010d2fbe40
 Begin Bits: [0x0000000120469000, 0x0000000124469000)
 End Bits:   [0x0000000124469000, 0x0000000128469000)

Polling page: 0x000000010b15d000

CodeCache: size=245760Kb used=11825Kb max_used=12275Kb free=233934Kb
 bounds [0x0000000111469000, 0x0000000112079000, 0x0000000120469000]
 total_blobs=3993 nmethods=3388 adapters=518
 compilation: enabled

Compilation events (10 events):
Event: 10.269 Thread 0x00007f8c6380d800 3911   !   3       org.bytedeco.javacpp.Pointer::deallocator (509 bytes)
Event: 10.272 Thread 0x00007f8c6380d800 nmethod 3911 0x0000000111e59950 code [0x0000000111e5a0c0, 0x0000000111e5f3f8]
Event: 10.272 Thread 0x00007f8c6380d800 3913   !   3       org.bytedeco.javacpp.Pointer$DeallocatorReference::add (59 bytes)
Event: 10.272 Thread 0x00007f8c6380d800 nmethod 3913 0x0000000111fc1e10 code [0x0000000111fc1f80, 0x0000000111fc23b0]
Event: 10.272 Thread 0x00007f8c6380d800 3914       3       org.bytedeco.javacpp.PointerScope::getInnerScope (18 bytes)
Event: 10.272 Thread 0x00007f8c6380d800 nmethod 3914 0x0000000111e25690 code [0x0000000111e25820, 0x0000000111e25cb8]
Event: 10.279 Thread 0x00007f8c6103a000 3915       4       java.util.HashMap$ValueIterator::next (8 bytes)
Event: 10.281 Thread 0x00007f8c6103a000 nmethod 3915 0x0000000111e24b10 code [0x0000000111e24c60, 0x0000000111e24e78]
Event: 10.327 Thread 0x00007f8c6380d800 3916       3       org.bytedeco.javacpp.Loader::offsetof (59 bytes)
Event: 10.327 Thread 0x00007f8c6380d800 nmethod 3916 0x00000001117e25d0 code [0x00000001117e2800, 0x00000001117e3498]

GC Heap History (10 events):
Event: 4.852 GC heap before
{Heap before GC invocations=13 (full 2):
 PSYoungGen      total 615424K, used 611024K [0x000000076ab00000, 0x0000000793400000, 0x00000007c0000000)
  eden space 599040K, 100% used [0x000000076ab00000,0x000000078f400000,0x000000078f400000)
  from space 16384K, 73% used [0x0000000790400000,0x0000000790fb4070,0x0000000791400000)
  to   space 16384K, 0% used [0x000000078f400000,0x000000078f400000,0x0000000790400000)
 ParOldGen       total 154624K, used 20164K [0x00000006c0000000, 0x00000006c9700000, 0x000000076ab00000)
  object space 154624K, 13% used [0x00000006c0000000,0x00000006c13b1180,0x00000006c9700000)
 Metaspace       used 36758K, capacity 38046K, committed 38184K, reserved 1083392K
  class space    used 4588K, capacity 4872K, committed 4912K, reserved 1048576K
Event: 4.858 GC heap after
Heap after GC invocations=13 (full 2):
 PSYoungGen      total 615424K, used 14710K [0x000000076ab00000, 0x000000079cd80000, 0x00000007c0000000)
  eden space 599040K, 0% used [0x000000076ab00000,0x000000076ab00000,0x000000078f400000)
  from space 16384K, 89% used [0x000000078f400000,0x000000079025d800,0x0000000790400000)
  to   space 16896K, 0% used [0x000000079bd00000,0x000000079bd00000,0x000000079cd80000)
 ParOldGen       total 154624K, used 30972K [0x00000006c0000000, 0x00000006c9700000, 0x000000076ab00000)
  object space 154624K, 20% used [0x00000006c0000000,0x00000006c1e3f1c0,0x00000006c9700000)
 Metaspace       used 36758K, capacity 38046K, committed 38184K, reserved 1083392K
  class space    used 4588K, capacity 4872K, committed 4912K, reserved 1048576K
}
Event: 6.222 GC heap before
{Heap before GC invocations=14 (full 2):
 PSYoungGen      total 615424K, used 613750K [0x000000076ab00000, 0x000000079cd80000, 0x00000007c0000000)
  eden space 599040K, 100% used [0x000000076ab00000,0x000000078f400000,0x000000078f400000)
  from space 16384K, 89% used [0x000000078f400000,0x000000079025d800,0x0000000790400000)
  to   space 16896K, 0% used [0x000000079bd00000,0x000000079bd00000,0x000000079cd80000)
 ParOldGen       total 154624K, used 33705K [0x00000006c0000000, 0x00000006c9700000, 0x000000076ab00000)
  object space 154624K, 21% used [0x00000006c0000000,0x00000006c20ea508,0x00000006c9700000)
 Metaspace       used 36795K, capacity 38046K, committed 38184K, reserved 1083392K
  class space    used 4590K, capacity 4872K, committed 4912K, reserved 1048576K
Event: 6.230 GC heap after
Heap after GC invocations=14 (full 2):
 PSYoungGen      total 785920K, used 14812K [0x000000076ab00000, 0x000000079cb80000, 0x00000007c0000000)
  eden space 771072K, 0% used [0x000000076ab00000,0x000000076ab00000,0x0000000799c00000)
  from space 14848K, 99% used [0x000000079bd00000,0x000000079cb77080,0x000000079cb80000)
  to   space 17920K, 0% used [0x000000079a880000,0x000000079a880000,0x000000079ba00000)
 ParOldGen       total 154624K, used 49913K [0x00000006c0000000, 0x00000006c9700000, 0x000000076ab00000)
  object space 154624K, 32% used [0x00000006c0000000,0x00000006c30be568,0x00000006c9700000)
 Metaspace       used 36795K, capacity 38046K, committed 38184K, reserved 1083392K
  class space    used 4590K, capacity 4872K, committed 4912K, reserved 1048576K
}
Event: 7.896 GC heap before
{Heap before GC invocations=15 (full 2):
 PSYoungGen      total 785920K, used 785884K [0x000000076ab00000, 0x000000079cb80000, 0x00000007c0000000)
  eden space 771072K, 100% used [0x000000076ab00000,0x0000000799c00000,0x0000000799c00000)
  from space 14848K, 99% used [0x000000079bd00000,0x000000079cb77080,0x000000079cb80000)
  to   space 17920K, 0% used [0x000000079a880000,0x000000079a880000,0x000000079ba00000)
 ParOldGen       total 154624K, used 49927K [0x00000006c0000000, 0x00000006c9700000, 0x000000076ab00000)
  object space 154624K, 32% used [0x00000006c0000000,0x00000006c30c1c18,0x00000006c9700000)
 Metaspace       used 36881K, capacity 38110K, committed 38440K, reserved 1083392K
  class space    used 4593K, capacity 4872K, committed 4912K, reserved 1048576K
Event: 7.901 GC heap after
Heap after GC invocations=15 (full 2):
 PSYoungGen      total 801792K, used 14972K [0x000000076ab00000, 0x00000007a7f80000, 0x00000007c0000000)
  eden space 783872K, 0% used [0x000000076ab00000,0x000000076ab00000,0x000000079a880000)
  from space 17920K, 83% used [0x000000079a880000,0x000000079b71f080,0x000000079ba00000)
  to   space 18432K, 0% used [0x00000007a6d80000,0x00000007a6d80000,0x00000007a7f80000)
 ParOldGen       total 154624K, used 49935K [0x00000006c0000000, 0x00000006c9700000, 0x000000076ab00000)
  object space 154624K, 32% used [0x00000006c0000000,0x00000006c30c3c18,0x00000006c9700000)
 Metaspace       used 36881K, capacity 38110K, committed 38440K, reserved 1083392K
  class space    used 4593K, capacity 4872K, committed 4912K, reserved 1048576K
}
Event: 8.491 GC heap before
{Heap before GC invocations=16 (full 2):
 PSYoungGen      total 801792K, used 798844K [0x000000076ab00000, 0x00000007a7f80000, 0x00000007c0000000)
  eden space 783872K, 100% used [0x000000076ab00000,0x000000079a880000,0x000000079a880000)
  from space 17920K, 83% used [0x000000079a880000,0x000000079b71f080,0x000000079ba00000)
  to   space 18432K, 0% used [0x00000007a6d80000,0x00000007a6d80000,0x00000007a7f80000)
 ParOldGen       total 154624K, used 49942K [0x00000006c0000000, 0x00000006c9700000, 0x000000076ab00000)
  object space 154624K, 32% used [0x00000006c0000000,0x00000006c30c5bc0,0x00000006c9700000)
 Metaspace       used 37077K, capacity 38334K, committed 38440K, reserved 1083392K
  class space    used 4623K, capacity 4904K, committed 4912K, reserved 1048576K
Event: 8.498 GC heap after
Heap after GC invocations=16 (full 2):
 PSYoungGen      total 984064K, used 17480K [0x000000076ab00000, 0x00000007a9300000, 0x00000007c0000000)
  eden space 965632K, 0% used [0x000000076ab00000,0x000000076ab00000,0x00000007a5a00000)
  from space 18432K, 94% used [0x00000007a6d80000,0x00000007a7e92090,0x00000007a7f80000)
  to   space 19968K, 0% used [0x00000007a5a00000,0x00000007a5a00000,0x00000007a6d80000)
 ParOldGen       total 154624K, used 60751K [0x00000006c0000000, 0x00000006c9700000, 0x000000076ab00000)
  object space 154624K, 39% used [0x00000006c0000000,0x00000006c3b53c00,0x00000006c9700000)
 Metaspace       used 37077K, capacity 38334K, committed 38440K, reserved 1083392K
  class space    used 4623K, capacity 4904K, committed 4912K, reserved 1048576K
}
Event: 9.798 GC heap before
{Heap before GC invocations=17 (full 2):
 PSYoungGen      total 984064K, used 983112K [0x000000076ab00000, 0x00000007a9300000, 0x00000007c0000000)
  eden space 965632K, 100% used [0x000000076ab00000,0x00000007a5a00000,0x00000007a5a00000)
  from space 18432K, 94% used [0x00000007a6d80000,0x00000007a7e92090,0x00000007a7f80000)
  to   space 19968K, 0% used [0x00000007a5a00000,0x00000007a5a00000,0x00000007a6d80000)
 ParOldGen       total 154624K, used 60789K [0x00000006c0000000, 0x00000006c9700000, 0x000000076ab00000)
  object space 154624K, 39% used [0x00000006c0000000,0x00000006c3b5d780,0x00000006c9700000)
 Metaspace       used 39443K, capacity 41020K, committed 41128K, reserved 1085440K
  class space    used 4949K, capacity 5253K, committed 5296K, reserved 1048576K
Event: 9.807 GC heap after
Heap after GC invocations=17 (full 2):
 PSYoungGen      total 985600K, used 19947K [0x000000076ab00000, 0x00000007b6d80000, 0x00000007c0000000)
  eden space 965632K, 0% used [0x000000076ab00000,0x000000076ab00000,0x00000007a5a00000)
  from space 19968K, 99% used [0x00000007a5a00000,0x00000007a6d7af50,0x00000007a6d80000)
  to   space 25088K, 0% used [0x00000007b5500000,0x00000007b5500000,0x00000007b6d80000)
 ParOldGen       total 154624K, used 69926K [0x00000006c0000000, 0x00000006c9700000, 0x000000076ab00000)
  object space 154624K, 45% used [0x00000006c0000000,0x00000006c4449b20,0x00000006c9700000)
 Metaspace       used 39443K, capacity 41020K, committed 41128K, reserved 1085440K
  class space    used 4949K, capacity 5253K, committed 5296K, reserved 1048576K
}

Deoptimization events (10 events):
Event: 9.281 Thread 0x00007f8c62802000 Uncommon trap: reason=bimorphic action=maybe_recompile pc=0x0000000111b07aac method=java.util.HashMap.putVal(ILjava/lang/Object;Ljava/lang/Object;ZZ)Ljava/lang/Object; @ 253
Event: 9.299 Thread 0x00007f8c62802000 Uncommon trap: reason=unstable_if action=reinterpret pc=0x0000000111c9ebac method=org.springframework.util.ConcurrentReferenceHashMap$Segment.findInChain(Lorg/springframework/util/ConcurrentReferenceHashMap$Reference;Ljava/lang/Object;I)Lorg/springframewo
Event: 9.299 Thread 0x00007f8c62802000 Uncommon trap: reason=unstable_if action=reinterpret pc=0x0000000111c1c4c0 method=org.springframework.util.ConcurrentReferenceHashMap$Segment.findInChain(Lorg/springframework/util/ConcurrentReferenceHashMap$Reference;Ljava/lang/Object;I)Lorg/springframewo
Event: 9.313 Thread 0x00007f8c62802000 Uncommon trap: reason=unstable_if action=reinterpret pc=0x0000000111c07ba4 method=java.lang.reflect.Method.equals(Ljava/lang/Object;)Z @ 1
Event: 9.337 Thread 0x00007f8c62802000 Uncommon trap: reason=unstable_if action=reinterpret pc=0x0000000111bf5de8 method=sun.misc.Launcher$AppClassLoader.loadClass(Ljava/lang/String;Z)Ljava/lang/Class; @ 9
Event: 9.426 Thread 0x00007f8c62802000 Uncommon trap: reason=unstable_if action=reinterpret pc=0x0000000111e0f968 method=org.springframework.beans.factory.support.AbstractBeanFactory.isTypeMatch(Ljava/lang/String;Lorg/springframework/core/ResolvableType;)Z @ 66
Event: 9.516 Thread 0x00007f8c62802000 Uncommon trap: reason=unstable_if action=reinterpret pc=0x0000000111cedb9c method=org.springframework.beans.factory.support.DefaultSingletonBeanRegistry.getSingleton(Ljava/lang/String;Z)Ljava/lang/Object; @ 47
Event: 9.583 Thread 0x00007f8c62802000 Uncommon trap: reason=unstable_if action=reinterpret pc=0x00000001116603b4 method=org.springframework.util.ConcurrentReferenceHashMap$Segment.clear()V @ 4
Event: 9.613 Thread 0x00007f8c62802000 Uncommon trap: reason=class_check action=maybe_recompile pc=0x0000000111cefdb4 method=java.util.TreeMap.getEntry(Ljava/lang/Object;)Ljava/util/TreeMap$Entry; @ 26
Event: 9.614 Thread 0x00007f8c62802000 Uncommon trap: reason=class_check action=maybe_recompile pc=0x0000000111cefdb4 method=java.util.TreeMap.getEntry(Ljava/lang/Object;)Ljava/util/TreeMap$Entry; @ 26

Classes redefined (0 events):
No events

Internal exceptions (10 events):
Event: 9.309 Thread 0x00007f8c62802000 Exception <a 'java/lang/ClassNotFoundException': org/springframework/boot/autoconfigure/web/servlet/WebMvcAutoConfiguration$EnableWebMvcConfigurationCustomizer> (0x000000077edb7138) thrown at [/Users/java_re/workspace/8-2-build-macosx-x86_64/jdk8u201/1232
Event: 9.310 Thread 0x00007f8c62802000 Exception <a 'java/lang/ClassNotFoundException': org/springframework/boot/autoconfigure/web/servlet/WebMvcAutoConfiguration$EnableWebMvcConfiguration$$EnhancerBySpringCGLIB$$cd49f2b6Customizer> (0x000000077ee18608) thrown at [/Users/java_re/workspace/8-2-
Event: 9.311 Thread 0x00007f8c62802000 Exception <a 'java/lang/ClassNotFoundException': org/springframework/context/annotation/ConfigurationClassEnhancer$EnhancedConfigurationCustomizer> (0x000000077ee788c8) thrown at [/Users/java_re/workspace/8-2-build-macosx-x86_64/jdk8u201/12322/hotspot/src
Event: 9.312 Thread 0x00007f8c62802000 Exception <a 'java/lang/ClassNotFoundException': org/springframework/beans/factory/BeanFactoryAwareCustomizer> (0x000000077eea5410) thrown at [/Users/java_re/workspace/8-2-build-macosx-x86_64/jdk8u201/12322/hotspot/src/share/vm/classfile/systemDictionary.
Event: 9.312 Thread 0x00007f8c62802000 Exception <a 'java/lang/ClassNotFoundException': org/springframework/beans/factory/AwareCustomizer> (0x000000077eeccf68) thrown at [/Users/java_re/workspace/8-2-build-macosx-x86_64/jdk8u201/12322/hotspot/src/share/vm/classfile/systemDictionary.cpp, line 2
Event: 9.313 Thread 0x00007f8c62802000 Exception <a 'java/lang/ClassNotFoundException': org/springframework/context/ApplicationContextAwareCustomizer> (0x000000077eefa460) thrown at [/Users/java_re/workspace/8-2-build-macosx-x86_64/jdk8u201/12322/hotspot/src/share/vm/classfile/systemDictionary
Event: 9.313 Thread 0x00007f8c62802000 Exception <a 'java/lang/ClassNotFoundException': org/springframework/beans/factory/AwareCustomizer> (0x000000077ef21f90) thrown at [/Users/java_re/workspace/8-2-build-macosx-x86_64/jdk8u201/12322/hotspot/src/share/vm/classfile/systemDictionary.cpp, line 2
Event: 9.313 Thread 0x00007f8c62802000 Exception <a 'java/lang/ClassNotFoundException': org/springframework/web/context/ServletContextAwareCustomizer> (0x000000077ef4f3f8) thrown at [/Users/java_re/workspace/8-2-build-macosx-x86_64/jdk8u201/12322/hotspot/src/share/vm/classfile/systemDictionary
Event: 9.313 Thread 0x00007f8c62802000 Exception <a 'java/lang/ClassNotFoundException': org/springframework/beans/factory/AwareCustomizer> (0x000000077ef76998) thrown at [/Users/java_re/workspace/8-2-build-macosx-x86_64/jdk8u201/12322/hotspot/src/share/vm/classfile/systemDictionary.cpp, line 2
Event: 9.313 Thread 0x00007f8c62802000 Implicit null exception at 0x0000000111c07b0c to 0x0000000111c07b91

Events (10 events):
Event: 10.269 Thread 0x00007f8c6380d800 flushing nmethod 0x0000000111f299d0
Event: 10.269 Thread 0x00007f8c6380d800 flushing nmethod 0x0000000111f31010
Event: 10.272 Thread 0x00007f8c6380d800 flushing nmethod 0x0000000111f35d90
Event: 10.272 Thread 0x00007f8c6380d800 flushing nmethod 0x0000000111f37490
Event: 10.272 Thread 0x00007f8c6380d800 flushing nmethod 0x0000000111f59d10
Event: 10.272 Thread 0x00007f8c6380d800 flushing nmethod 0x0000000111f63850
Event: 10.272 Thread 0x00007f8c6380d800 flushing nmethod 0x0000000111f6c650
Event: 10.272 Thread 0x00007f8c6380d800 flushing nmethod 0x0000000111fc1e10
Event: 10.327 Executing VM operation: RevokeBias
Event: 10.327 Executing VM operation: RevokeBias done


Dynamic libraries:
0x00007fff3d52a000 	/System/Library/Frameworks/Cocoa.framework/Versions/A/Cocoa
0x00007fff4920c000 	/System/Library/Frameworks/Security.framework/Versions/A/Security
0x00007fff3c1bf000 	/System/Library/Frameworks/ApplicationServices.framework/Versions/A/ApplicationServices
0x00007fff69859000 	/usr/lib/libz.1.dylib
0x00007fff66f89000 	/usr/lib/libSystem.B.dylib
0x00007fff68983000 	/usr/lib/libobjc.A.dylib
0x00007fff3dd12000 	/System/Library/Frameworks/CoreFoundation.framework/Versions/A/CoreFoundation
0x00007fff3ff86000 	/System/Library/Frameworks/Foundation.framework/Versions/C/Foundation
0x00007fff3b3b8000 	/System/Library/Frameworks/AppKit.framework/Versions/C/AppKit
0x00007fff3d8a5000 	/System/Library/Frameworks/CoreData.framework/Versions/A/CoreData
0x00007fff60ad8000 	/System/Library/PrivateFrameworks/RemoteViewServices.framework/Versions/A/RemoteViewServices
0x00007fff64ccc000 	/System/Library/PrivateFrameworks/UIFoundation.framework/Versions/A/UIFoundation
0x00007fff663ae000 	/System/Library/PrivateFrameworks/XCTTargetBootstrap.framework/Versions/A/XCTTargetBootstrap
0x00007fff5b910000 	/System/Library/PrivateFrameworks/IconServices.framework/Versions/A/IconServices
0x00007fff4289f000 	/System/Library/Frameworks/Metal.framework/Versions/A/Metal
0x00007fff52e9b000 	/System/Library/PrivateFrameworks/DesktopServicesPriv.framework/Versions/A/DesktopServicesPriv
0x00007fff67ce9000 	/usr/lib/libenergytrace.dylib
0x00007fff631bb000 	/System/Library/PrivateFrameworks/SkyLight.framework/Versions/A/SkyLight
0x00007fff3e157000 	/System/Library/Frameworks/CoreGraphics.framework/Versions/A/CoreGraphics
0x00007fff3a184000 	/System/Library/Frameworks/Accelerate.framework/Versions/A/Accelerate
0x00007fff406cc000 	/System/Library/Frameworks/IOSurface.framework/Versions/A/IOSurface
0x00007fff52d07000 	/System/Library/PrivateFrameworks/DFRFoundation.framework/Versions/A/DFRFoundation
0x00007fff3c6a2000 	/System/Library/Frameworks/AudioToolbox.framework/Versions/A/AudioToolbox
0x00007fff3c91b000 	/System/Library/Frameworks/AudioUnit.framework/Versions/A/AudioUnit
0x00007fff52d9c000 	/System/Library/PrivateFrameworks/DataDetectorsCore.framework/Versions/A/DataDetectorsCore
0x00007fff3d02e000 	/System/Library/Frameworks/Carbon.framework/Versions/A/Frameworks/HIToolbox.framework/Versions/A/HIToolbox
0x00007fff67e42000 	/usr/lib/libicucore.A.dylib
0x00007fff48783000 	/System/Library/Frameworks/QuartzCore.framework/Versions/A/QuartzCore
0x00007fff3d402000 	/System/Library/Frameworks/Carbon.framework/Versions/A/Frameworks/SpeechRecognition.framework/Versions/A/SpeechRecognition
0x00007fff670dd000 	/usr/lib/libauto.dylib
0x00007fff6974d000 	/usr/lib/libxml2.2.dylib
0x00007fff528e7000 	/System/Library/PrivateFrameworks/CoreUI.framework/Versions/A/CoreUI
0x00007fff3d790000 	/System/Library/Frameworks/CoreAudio.framework/Versions/A/CoreAudio
0x00007fff3fdc2000 	/System/Library/Frameworks/DiskArbitration.framework/Versions/A/DiskArbitration
0x00007fff680ef000 	/usr/lib/liblangid.dylib
0x00007fff5cd10000 	/System/Library/PrivateFrameworks/MultitouchSupport.framework/Versions/A/MultitouchSupport
0x00007fff4063b000 	/System/Library/Frameworks/IOKit.framework/Versions/A/IOKit
0x00007fff66b4a000 	/usr/lib/libDiagnosticMessagesClient.dylib
0x00007fff3ef63000 	/System/Library/Frameworks/CoreServices.framework/Versions/A/CoreServices
0x00007fff5e8e6000 	/System/Library/PrivateFrameworks/PerformanceAnalysis.framework/Versions/A/PerformanceAnalysis
0x00007fff47973000 	/System/Library/Frameworks/OpenGL.framework/Versions/A/OpenGL
0x00007fff3d538000 	/System/Library/Frameworks/ColorSync.framework/Versions/A/ColorSync
0x00007fff3e7e8000 	/System/Library/Frameworks/CoreImage.framework/Versions/A/CoreImage
0x00007fff3f93c000 	/System/Library/Frameworks/CoreText.framework/Versions/A/CoreText
0x00007fff4072f000 	/System/Library/Frameworks/ImageIO.framework/Versions/A/ImageIO
0x00007fff4ef45000 	/System/Library/PrivateFrameworks/Backup.framework/Versions/A/Backup
0x00007fff67030000 	/usr/lib/libarchive.2.dylib
0x00007fff3cc73000 	/System/Library/Frameworks/CFNetwork.framework/Versions/A/CFNetwork
0x00007fff49965000 	/System/Library/Frameworks/SystemConfiguration.framework/Versions/A/SystemConfiguration
0x00007fff66a7b000 	/usr/lib/libCRFSuite.dylib
0x00007fff671cc000 	/usr/lib/libc++.1.dylib
0x00007fff67220000 	/usr/lib/libc++abi.dylib
0x00007fff6a048000 	/usr/lib/system/libcache.dylib
0x00007fff6a04d000 	/usr/lib/system/libcommonCrypto.dylib
0x00007fff6a058000 	/usr/lib/system/libcompiler_rt.dylib
0x00007fff6a060000 	/usr/lib/system/libcopyfile.dylib
0x00007fff6a06a000 	/usr/lib/system/libcorecrypto.dylib
0x00007fff6a175000 	/usr/lib/system/libdispatch.dylib
0x00007fff6a1af000 	/usr/lib/system/libdyld.dylib
0x00007fff6a1dc000 	/usr/lib/system/libkeymgr.dylib
0x00007fff6a1ea000 	/usr/lib/system/liblaunch.dylib
0x00007fff6a1eb000 	/usr/lib/system/libmacho.dylib
0x00007fff6a1f1000 	/usr/lib/system/libquarantine.dylib
0x00007fff6a1f4000 	/usr/lib/system/libremovefile.dylib
0x00007fff6a1f6000 	/usr/lib/system/libsystem_asl.dylib
0x00007fff6a20e000 	/usr/lib/system/libsystem_blocks.dylib
0x00007fff6a20f000 	/usr/lib/system/libsystem_c.dylib
0x00007fff6a297000 	/usr/lib/system/libsystem_configuration.dylib
0x00007fff6a29b000 	/usr/lib/system/libsystem_coreservices.dylib
0x00007fff6a29f000 	/usr/lib/system/libsystem_darwin.dylib
0x00007fff6a2a6000 	/usr/lib/system/libsystem_dnssd.dylib
0x00007fff6a2ad000 	/usr/lib/system/libsystem_info.dylib
0x00007fff6a322000 	/usr/lib/system/libsystem_m.dylib
0x00007fff6a36e000 	/usr/lib/system/libsystem_malloc.dylib
0x00007fff6a393000 	/usr/lib/system/libsystem_networkextension.dylib
0x00007fff6a39e000 	/usr/lib/system/libsystem_notify.dylib
0x00007fff6a3bb000 	/usr/lib/system/libsystem_sandbox.dylib
0x00007fff6a3bf000 	/usr/lib/system/libsystem_secinit.dylib
0x00007fff6a2f9000 	/usr/lib/system/libsystem_kernel.dylib
0x00007fff6a3a6000 	/usr/lib/system/libsystem_platform.dylib
0x00007fff6a3b0000 	/usr/lib/system/libsystem_pthread.dylib
0x00007fff6a3c2000 	/usr/lib/system/libsystem_symptoms.dylib
0x00007fff6a3ca000 	/usr/lib/system/libsystem_trace.dylib
0x00007fff6a3e1000 	/usr/lib/system/libunwind.dylib
0x00007fff6a3e7000 	/usr/lib/system/libxpc.dylib
0x00007fff671ad000 	/usr/lib/libbsm.0.dylib
0x00007fff6a1dd000 	/usr/lib/system/libkxld.dylib
0x00007fff4e18b000 	/System/Library/PrivateFrameworks/AppleFSCompression.framework/Versions/A/AppleFSCompression
0x00007fff66e49000 	/usr/lib/libOpenScriptingUtil.dylib
0x00007fff674d5000 	/usr/lib/libcoretls.dylib
0x00007fff674ec000 	/usr/lib/libcoretls_cfhelpers.dylib
0x00007fff6911a000 	/usr/lib/libpam.2.dylib
0x00007fff692da000 	/usr/lib/libsqlite3.dylib
0x00007fff6973b000 	/usr/lib/libxar.1.dylib
0x00007fff671be000 	/usr/lib/libbz2.1.0.dylib
0x00007fff680f1000 	/usr/lib/liblzma.5.dylib
0x00007fff685a2000 	/usr/lib/libnetwork.dylib
0x00007fff67019000 	/usr/lib/libapple_nghttp2.dylib
0x00007fff69121000 	/usr/lib/libpcap.A.dylib
0x00007fff3f302000 	/System/Library/Frameworks/CoreServices.framework/Versions/A/Frameworks/FSEvents.framework/Versions/A/FSEvents
0x00007fff3efe1000 	/System/Library/Frameworks/CoreServices.framework/Versions/A/Frameworks/CarbonCore.framework/Versions/A/CarbonCore
0x00007fff3f4be000 	/System/Library/Frameworks/CoreServices.framework/Versions/A/Frameworks/Metadata.framework/Versions/A/Metadata
0x00007fff3f55d000 	/System/Library/Frameworks/CoreServices.framework/Versions/A/Frameworks/OSServices.framework/Versions/A/OSServices
0x00007fff3f5a8000 	/System/Library/Frameworks/CoreServices.framework/Versions/A/Frameworks/SearchKit.framework/Versions/A/SearchKit
0x00007fff3ef64000 	/System/Library/Frameworks/CoreServices.framework/Versions/A/Frameworks/AE.framework/Versions/A/AE
0x00007fff3f30b000 	/System/Library/Frameworks/CoreServices.framework/Versions/A/Frameworks/LaunchServices.framework/Versions/A/LaunchServices
0x00007fff3f2b9000 	/System/Library/Frameworks/CoreServices.framework/Versions/A/Frameworks/DictionaryServices.framework/Versions/A/DictionaryServices
0x00007fff3f610000 	/System/Library/Frameworks/CoreServices.framework/Versions/A/Frameworks/SharedFileList.framework/Versions/A/SharedFileList
0x00007fff4394e000 	/System/Library/Frameworks/NetFS.framework/Versions/A/NetFS
0x00007fff5cf76000 	/System/Library/PrivateFrameworks/NetAuth.framework/Versions/A/NetAuth
0x00007fff667b2000 	/System/Library/PrivateFrameworks/login.framework/Versions/A/Frameworks/loginsupport.framework/Versions/A/loginsupport
0x00007fff648d5000 	/System/Library/PrivateFrameworks/TCC.framework/Versions/A/TCC
0x00007fff51f46000 	/System/Library/PrivateFrameworks/CoreNLP.framework/Versions/A/CoreNLP
0x00007fff5ca0f000 	/System/Library/PrivateFrameworks/MetadataUtilities.framework/Versions/A/MetadataUtilities
0x00007fff681c6000 	/usr/lib/libmecabra.dylib
0x00007fff3c1c0000 	/System/Library/Frameworks/ApplicationServices.framework/Versions/A/Frameworks/ATS.framework/Versions/A/ATS
0x00007fff3c50f000 	/System/Library/Frameworks/ApplicationServices.framework/Versions/A/Frameworks/ColorSyncLegacy.framework/Versions/A/ColorSyncLegacy
0x00007fff3c5ae000 	/System/Library/Frameworks/ApplicationServices.framework/Versions/A/Frameworks/HIServices.framework/Versions/A/HIServices
0x00007fff3c601000 	/System/Library/Frameworks/ApplicationServices.framework/Versions/A/Frameworks/LangAnalysis.framework/Versions/A/LangAnalysis
0x00007fff3c611000 	/System/Library/Frameworks/ApplicationServices.framework/Versions/A/Frameworks/PrintCore.framework/Versions/A/PrintCore
0x00007fff3c65b000 	/System/Library/Frameworks/ApplicationServices.framework/Versions/A/Frameworks/QD.framework/Versions/A/QD
0x00007fff3c695000 	/System/Library/Frameworks/ApplicationServices.framework/Versions/A/Frameworks/SpeechSynthesis.framework/Versions/A/SpeechSynthesis
0x00007fff67248000 	/usr/lib/libcompression.dylib
0x00007fff3dc2a000 	/System/Library/Frameworks/CoreDisplay.framework/Versions/A/CoreDisplay
0x00007fff42b56000 	/System/Library/Frameworks/MetalPerformanceShaders.framework/Versions/A/MetalPerformanceShaders
0x00007fff3a19c000 	/System/Library/Frameworks/Accelerate.framework/Versions/A/Frameworks/vImage.framework/Versions/A/vImage
0x00007fff3b216000 	/System/Library/Frameworks/Accelerate.framework/Versions/A/Frameworks/vecLib.framework/Versions/A/vecLib
0x00007fff3b162000 	/System/Library/Frameworks/Accelerate.framework/Versions/A/Frameworks/vecLib.framework/Versions/A/libvMisc.dylib
0x00007fff3af7a000 	/System/Library/Frameworks/Accelerate.framework/Versions/A/Frameworks/vecLib.framework/Versions/A/libvDSP.dylib
0x00007fff3a836000 	/System/Library/Frameworks/Accelerate.framework/Versions/A/Frameworks/vecLib.framework/Versions/A/libBLAS.dylib
0x00007fff3ab23000 	/System/Library/Frameworks/Accelerate.framework/Versions/A/Frameworks/vecLib.framework/Versions/A/libLAPACK.dylib
0x00007fff3aecd000 	/System/Library/Frameworks/Accelerate.framework/Versions/A/Frameworks/vecLib.framework/Versions/A/libLinearAlgebra.dylib
0x00007fff3af66000 	/System/Library/Frameworks/Accelerate.framework/Versions/A/Frameworks/vecLib.framework/Versions/A/libSparseBLAS.dylib
0x00007fff3aee3000 	/System/Library/Frameworks/Accelerate.framework/Versions/A/Frameworks/vecLib.framework/Versions/A/libQuadrature.dylib
0x00007fff3aab0000 	/System/Library/Frameworks/Accelerate.framework/Versions/A/Frameworks/vecLib.framework/Versions/A/libBNNS.dylib
0x00007fff3aee9000 	/System/Library/Frameworks/Accelerate.framework/Versions/A/Frameworks/vecLib.framework/Versions/A/libSparse.dylib
0x00007fff59281000 	/System/Library/PrivateFrameworks/GPUWrangler.framework/Versions/A/GPUWrangler
0x00007fff5b545000 	/System/Library/PrivateFrameworks/IOAccelerator.framework/Versions/A/IOAccelerator
0x00007fff5b550000 	/System/Library/PrivateFrameworks/IOPresentment.framework/Versions/A/IOPresentment
0x00007fff52d17000 	/System/Library/PrivateFrameworks/DSExternalDisplay.framework/Versions/A/DSExternalDisplay
0x00007fff46dca000 	/System/Library/Frameworks/OpenGL.framework/Versions/A/Libraries/libCoreFSCache.dylib
0x00007fff4294a000 	/System/Library/Frameworks/MetalPerformanceShaders.framework/Frameworks/MPSCore.framework/Versions/A/MPSCore
0x00007fff4296a000 	/System/Library/Frameworks/MetalPerformanceShaders.framework/Frameworks/MPSImage.framework/Versions/A/MPSImage
0x00007fff42a0f000 	/System/Library/Frameworks/MetalPerformanceShaders.framework/Frameworks/MPSNeuralNetwork.framework/Versions/A/MPSNeuralNetwork
0x00007fff429e7000 	/System/Library/Frameworks/MetalPerformanceShaders.framework/Frameworks/MPSMatrix.framework/Versions/A/MPSMatrix
0x00007fff42b3b000 	/System/Library/Frameworks/MetalPerformanceShaders.framework/Frameworks/MPSRayIntersector.framework/Versions/A/MPSRayIntersector
0x00007fff5ca38000 	/System/Library/PrivateFrameworks/MetalTools.framework/Versions/A/MetalTools
0x00007fff4d88c000 	/System/Library/PrivateFrameworks/AggregateDictionary.framework/Versions/A/AggregateDictionary
0x00007fff66e2a000 	/usr/lib/libMobileGestalt.dylib
0x00007fff3fa9f000 	/System/Library/Frameworks/CoreVideo.framework/Versions/A/CoreVideo
0x00007fff5a08b000 	/System/Library/PrivateFrameworks/GraphVisualizer.framework/Versions/A/GraphVisualizer
0x00007fff53f11000 	/System/Library/PrivateFrameworks/FaceCore.framework/Versions/A/FaceCore
0x00007fff463f8000 	/System/Library/Frameworks/OpenCL.framework/Versions/A/OpenCL
0x00007fff66b82000 	/usr/lib/libFosl_dynamic.dylib
0x00007fff5d7e1000 	/System/Library/PrivateFrameworks/OTSVG.framework/Versions/A/OTSVG
0x00007fff3c2c4000 	/System/Library/Frameworks/ApplicationServices.framework/Versions/A/Frameworks/ATS.framework/Versions/A/Resources/libFontParser.dylib
0x00007fff3c3dc000 	/System/Library/Frameworks/ApplicationServices.framework/Versions/A/Frameworks/ATS.framework/Versions/A/Resources/libFontRegistry.dylib
0x00007fff4099d000 	/System/Library/Frameworks/ImageIO.framework/Versions/A/Resources/libJPEG.dylib
0x00007fff40caf000 	/System/Library/Frameworks/ImageIO.framework/Versions/A/Resources/libTIFF.dylib
0x00007fff40c85000 	/System/Library/Frameworks/ImageIO.framework/Versions/A/Resources/libPng.dylib
0x00007fff408bb000 	/System/Library/Frameworks/ImageIO.framework/Versions/A/Resources/libGIF.dylib
0x00007fff408c0000 	/System/Library/Frameworks/ImageIO.framework/Versions/A/Resources/libJP2.dylib
0x00007fff40cac000 	/System/Library/Frameworks/ImageIO.framework/Versions/A/Resources/libRadiance.dylib
0x00007fff4e2e0000 	/System/Library/PrivateFrameworks/AppleJPEG.framework/Versions/A/AppleJPEG
0x00007fff46dd5000 	/System/Library/Frameworks/OpenGL.framework/Versions/A/Libraries/libGFXShared.dylib
0x00007fff46f98000 	/System/Library/Frameworks/OpenGL.framework/Versions/A/Libraries/libGLU.dylib
0x00007fff46dde000 	/System/Library/Frameworks/OpenGL.framework/Versions/A/Libraries/libGL.dylib
0x00007fff46dea000 	/System/Library/Frameworks/OpenGL.framework/Versions/A/Libraries/libGLImage.dylib
0x00007fff46dc7000 	/System/Library/Frameworks/OpenGL.framework/Versions/A/Libraries/libCVMSPluginSupport.dylib
0x00007fff46dd0000 	/System/Library/Frameworks/OpenGL.framework/Versions/A/Libraries/libCoreVMClient.dylib
0x00007fff67b5f000 	/usr/lib/libcups.2.dylib
0x00007fff41e72000 	/System/Library/Frameworks/Kerberos.framework/Versions/A/Kerberos
0x00007fff403a2000 	/System/Library/Frameworks/GSS.framework/Versions/A/GSS
0x00007fff6926f000 	/usr/lib/libresolv.9.dylib
0x00007fff67d51000 	/usr/lib/libiconv.2.dylib
0x00007fff5a1e7000 	/System/Library/PrivateFrameworks/Heimdal.framework/Versions/A/Heimdal
0x00007fff67d21000 	/usr/lib/libheimdal-asn1.dylib
0x00007fff4646c000 	/System/Library/Frameworks/OpenDirectory.framework/Versions/A/OpenDirectory
0x00007fff50cad000 	/System/Library/PrivateFrameworks/CommonAuth.framework/Versions/A/CommonAuth
0x00007fff46450000 	/System/Library/Frameworks/OpenDirectory.framework/Versions/A/Frameworks/CFOpenDirectory.framework/Versions/A/CFOpenDirectory
0x00007fff4950b000 	/System/Library/Frameworks/SecurityFoundation.framework/Versions/A/SecurityFoundation
0x00007fff4cde7000 	/System/Library/PrivateFrameworks/APFS.framework/Versions/A/APFS
0x00007fff69737000 	/usr/lib/libutil.dylib
0x00007fff67236000 	/usr/lib/libcharset.1.dylib
0x00007fff4e57d000 	/System/Library/PrivateFrameworks/AppleSauce.framework/Versions/A/AppleSauce
0x00007fff4e6fe000 	/System/Library/PrivateFrameworks/AssertionServices.framework/Versions/A/AssertionServices
0x00007fff4efdb000 	/System/Library/PrivateFrameworks/BaseBoard.framework/Versions/A/BaseBoard
0x00007fff68121000 	/usr/lib/libmecab.1.0.0.dylib
0x00007fff67d1b000 	/usr/lib/libgermantok.dylib
0x00007fff67006000 	/usr/lib/libThaiTokenizer.dylib
0x00007fff66ab2000 	/usr/lib/libChineseTokenizer.dylib
0x00007fff5bbfc000 	/System/Library/PrivateFrameworks/LanguageModeling.framework/Versions/A/LanguageModeling
0x00007fff5198c000 	/System/Library/PrivateFrameworks/CoreEmoji.framework/Versions/A/CoreEmoji
0x00007fff5bcd8000 	/System/Library/PrivateFrameworks/Lexicon.framework/Versions/A/Lexicon
0x00007fff5bd1b000 	/System/Library/PrivateFrameworks/LinguisticData.framework/Versions/A/LinguisticData
0x00007fff67237000 	/usr/lib/libcmph.dylib
0x00007fff495c9000 	/System/Library/Frameworks/ServiceManagement.framework/Versions/A/ServiceManagement
0x00007fff4ef3c000 	/System/Library/PrivateFrameworks/BackgroundTaskManagement.framework/Versions/A/BackgroundTaskManagement
0x00007fff69830000 	/usr/lib/libxslt.1.dylib
0x00007fff3d32f000 	/System/Library/Frameworks/Carbon.framework/Versions/A/Frameworks/Ink.framework/Versions/A/Ink
0x00007fff64b47000 	/System/Library/PrivateFrameworks/TextureIO.framework/Versions/A/TextureIO
0x00007fff6705a000 	/usr/lib/libate.dylib
0x00007fff52c67000 	/System/Library/PrivateFrameworks/CrashReporterSupport.framework/Versions/A/CrashReporterSupport
0x00007fff622f9000 	/System/Library/PrivateFrameworks/Sharing.framework/Versions/A/Sharing
0x00007fff4eadd000 	/System/Library/PrivateFrameworks/AuthKit.framework/Versions/A/AuthKit
0x00007fff4de87000 	/System/Library/PrivateFrameworks/Apple80211.framework/Versions/A/Apple80211
0x00007fff52a13000 	/System/Library/PrivateFrameworks/CoreUtils.framework/Versions/A/CoreUtils
0x00007fff3fadd000 	/System/Library/Frameworks/CoreWLAN.framework/Versions/A/CoreWLAN
0x00007fff404d1000 	/System/Library/Frameworks/IOBluetooth.framework/Versions/A/IOBluetooth
0x00007fff60785000 	/System/Library/PrivateFrameworks/ProtocolBuffer.framework/Versions/A/ProtocolBuffer
0x00007fff5cc6e000 	/System/Library/PrivateFrameworks/MobileKeyBag.framework/Versions/A/MobileKeyBag
0x00007fff52259000 	/System/Library/PrivateFrameworks/CorePhoneNumbers.framework/Versions/A/CorePhoneNumbers
0x00007fff4e294000 	/System/Library/PrivateFrameworks/AppleIDAuthSupport.framework/Versions/A/AppleIDAuthSupport
0x00007fff5bbcf000 	/System/Library/PrivateFrameworks/KeychainCircle.framework/Versions/A/KeychainCircle
0x00007fff6093b000 	/System/Library/PrivateFrameworks/ROCKit.framework/Versions/A/ROCKit
0x00007fff52c03000 	/System/Library/PrivateFrameworks/CoreWiFi.framework/Versions/A/CoreWiFi
0x00007fff3d87a000 	/System/Library/Frameworks/CoreBluetooth.framework/Versions/A/CoreBluetooth
0x00007fff52e5d000 	/System/Library/PrivateFrameworks/DebugSymbols.framework/Versions/A/DebugSymbols
0x00007fff527d4000 	/System/Library/PrivateFrameworks/CoreSymbolication.framework/Versions/A/CoreSymbolication
0x00007fff64363000 	/System/Library/PrivateFrameworks/Symbolication.framework/Versions/A/Symbolication
0x00007fff63c06000 	/System/Library/PrivateFrameworks/SpeechRecognitionCore.framework/Versions/A/SpeechRecognitionCore
0x000000010ca00000 	/Library/Java/JavaVirtualMachines/jdk1.8.0_201.jdk/Contents/Home/jre/lib/server/libjvm.dylib
0x00007fff69608000 	/usr/lib/libstdc++.6.dylib
0x000000010b119000 	/Library/Java/JavaVirtualMachines/jdk1.8.0_201.jdk/Contents/Home/jre/lib/libverify.dylib
0x000000010b127000 	/Library/Java/JavaVirtualMachines/jdk1.8.0_201.jdk/Contents/Home/jre/lib/libjava.dylib
0x000000010b1a7000 	/Library/Java/JavaVirtualMachines/jdk1.8.0_201.jdk/Contents/Home/jre/lib/libzip.dylib
0x00000001291f1000 	/Library/Java/JavaVirtualMachines/jdk1.8.0_201.jdk/Contents/Home/jre/lib/libmanagement.dylib
0x0000000129666000 	/Library/Java/JavaVirtualMachines/jdk1.8.0_201.jdk/Contents/Home/jre/lib/libnet.dylib
0x0000000129588000 	/Library/Java/JavaVirtualMachines/jdk1.8.0_201.jdk/Contents/Home/jre/lib/libnio.dylib
0x000000012ab8d000 	/Users/virojfernando/.javacpp/cache/opencv-4.0.1-1.5-macosx-x86_64.jar/org/bytedeco/opencv/macosx-x86_64/libopencv_core.4.0.dylib
0x000000012b468000 	/Users/virojfernando/.javacpp/cache/opencv-4.0.1-1.5-macosx-x86_64.jar/org/bytedeco/opencv/macosx-x86_64/libopencv_imgproc.4.0.dylib
0x000000012bc4e000 	/Users/virojfernando/.javacpp/cache/opencv-4.0.1-1.5-macosx-x86_64.jar/org/bytedeco/opencv/macosx-x86_64/libjniopencv_core.dylib
0x00007fff41e6d000 	/System/Library/Frameworks/JavaVM.framework/Versions/A/JavaVM
0x00007fff5baee000 	/System/Library/PrivateFrameworks/JavaLaunching.framework/Versions/A/JavaLaunching
0x0000000129d98000 	/Users/virojfernando/.javacpp/cache/opencv-4.0.1-1.5-macosx-x86_64.jar/org/bytedeco/opencv/macosx-x86_64/libjniopencv_imgproc.dylib
0x000000012c01b000 	/Users/virojfernando/.javacpp/cache/opencv-4.0.1-1.5-macosx-x86_64.jar/org/bytedeco/opencv/macosx-x86_64/libopencv_imgcodecs.4.0.dylib
0x000000012962d000 	/Users/virojfernando/.javacpp/cache/opencv-4.0.1-1.5-macosx-x86_64.jar/org/bytedeco/opencv/macosx-x86_64/libjniopencv_imgcodecs.dylib
0x00000001297d5000 	/Users/virojfernando/.javacpp/cache/opencv-4.0.1-1.5-macosx-x86_64.jar/org/bytedeco/opencv/macosx-x86_64/libopencv_videoio.4.0.dylib
0x00007fff39ddc000 	/System/Library/Frameworks/AVFoundation.framework/Versions/A/AVFoundation
0x00007fff3ee05000 	/System/Library/Frameworks/CoreMedia.framework/Versions/A/CoreMedia
0x00007fff39fb7000 	/System/Library/Frameworks/AVFoundation.framework/Versions/A/Frameworks/AVFAudio.framework/Versions/A/AVFAudio
0x00007fff5ba66000 	/System/Library/PrivateFrameworks/InternationalSupport.framework/Versions/A/InternationalSupport
0x00007fff421fd000 	/System/Library/Frameworks/MediaToolbox.framework/Versions/A/MediaToolbox
0x00007fff49c28000 	/System/Library/Frameworks/VideoToolbox.framework/Versions/A/VideoToolbox
0x00007fff3ef07000 	/System/Library/Frameworks/CoreMediaIO.framework/Versions/A/CoreMediaIO
0x00007fff60aba000 	/System/Library/PrivateFrameworks/RemoteServiceDiscovery.framework/Versions/A/RemoteServiceDiscovery
0x00007fff60afb000 	/System/Library/PrivateFrameworks/RemoteXPC.framework/Versions/A/RemoteXPC
0x00007fff692d8000 	/usr/lib/libspindump.dylib
0x00007fff51533000 	/System/Library/PrivateFrameworks/CoreAVCHD.framework/Versions/A/CoreAVCHD
0x00007fff42144000 	/System/Library/Frameworks/MediaAccessibility.framework/Versions/A/MediaAccessibility
0x00007fff5c53d000 	/System/Library/PrivateFrameworks/Mangrove.framework/Versions/A/Mangrove
0x00007fff5114f000 	/System/Library/PrivateFrameworks/CoreAUC.framework/Versions/A/CoreAUC
0x00007fff4e663000 	/System/Library/PrivateFrameworks/AppleVA.framework/Versions/A/AppleVA
0x00000001295e3000 	/Users/virojfernando/.javacpp/cache/opencv-4.0.1-1.5-macosx-x86_64.jar/org/bytedeco/opencv/macosx-x86_64/libjniopencv_videoio.dylib
0x000000012b17d000 	/System/Library/Frameworks/CoreMediaIO.framework/Resources/VDC.plugin/Contents/MacOS/VDC
0x000000012b8a5000 	/System/Library/Frameworks/CoreMediaIO.framework/Resources/CMIOUnits.bundle/Contents/MacOS/CMIOUnits
0x00007fff53ee8000 	/System/Library/PrivateFrameworks/FWAVC.framework/Versions/A/FWAVC
0x00007fff3d029000 	/System/Library/Frameworks/Carbon.framework/Versions/A/Carbon
0x00007fff3d02a000 	/System/Library/Frameworks/Carbon.framework/Versions/A/Frameworks/CommonPanels.framework/Versions/A/CommonPanels
0x00007fff3d325000 	/System/Library/Frameworks/Carbon.framework/Versions/A/Frameworks/Help.framework/Versions/A/Help
0x00007fff3d329000 	/System/Library/Frameworks/Carbon.framework/Versions/A/Frameworks/ImageCapture.framework/Versions/A/ImageCapture
0x00007fff3d3c5000 	/System/Library/Frameworks/Carbon.framework/Versions/A/Frameworks/OpenScripting.framework/Versions/A/OpenScripting
0x00007fff3d3fd000 	/System/Library/Frameworks/Carbon.framework/Versions/A/Frameworks/Print.framework/Versions/A/Print
0x00007fff3d3ff000 	/System/Library/Frameworks/Carbon.framework/Versions/A/Frameworks/SecurityHI.framework/Versions/A/SecurityHI
0x000000012dcb4000 	/System/Library/Frameworks/CoreMediaIO.framework/Resources/BaseUnits/CMIOBaseUnits.bundle/Contents/MacOS/CMIOBaseUnits
0x00007fff523dd000 	/System/Library/PrivateFrameworks/CoreServicesInternal.framework/Versions/A/CoreServicesInternal
0x00007fff32b57000 	/System/Library/Extensions/AMDMTLBronzeDriver.bundle/Contents/MacOS/AMDMTLBronzeDriver
0x00007fff5b53b000 	/System/Library/PrivateFrameworks/IOAccelMemoryInfo.framework/Versions/A/IOAccelMemoryInfo
0x00007fff37349000 	/System/Library/Extensions/AppleIntelKBLGraphicsMTLDriver.bundle/Contents/MacOS/AppleIntelKBLGraphicsMTLDriver
0x00007fff4e19b000 	/System/Library/PrivateFrameworks/AppleGVA.framework/Versions/A/AppleGVA
0x0000000129879000 	/Users/virojfernando/.javacpp/cache/opencv-4.0.1-1.5-macosx-x86_64.jar/org/bytedeco/opencv/macosx-x86_64/libopencv_highgui.4.0.dylib
0x000000012b9f5000 	/Users/virojfernando/.javacpp/cache/opencv-4.0.1-1.5-macosx-x86_64.jar/org/bytedeco/opencv/macosx-x86_64/libjniopencv_highgui.dylib
0x000000012e3a5000 	/Users/virojfernando/.javacpp/cache/opencv-4.0.1-1.5-macosx-x86_64.jar/org/bytedeco/opencv/macosx-x86_64/libopencv_flann.4.0.dylib
0x000000012988e000 	/Users/virojfernando/.javacpp/cache/opencv-4.0.1-1.5-macosx-x86_64.jar/org/bytedeco/opencv/macosx-x86_64/libjniopencv_flann.dylib
0x000000012e401000 	/Library/Java/JavaVirtualMachines/jdk1.8.0_201.jdk/Contents/Home/jre/lib/libawt.dylib
0x000000012f68e000 	/Library/Java/JavaVirtualMachines/jdk1.8.0_201.jdk/Contents/Home/jre/lib/./libmlib_image.dylib
0x00007fff41e5b000 	/System/Library/Frameworks/JavaVM.framework/Versions/A/Frameworks/JavaNativeFoundation.framework/Versions/A/JavaNativeFoundation
0x00007fff41e64000 	/System/Library/Frameworks/JavaVM.framework/Versions/A/Frameworks/JavaRuntimeSupport.framework/Versions/A/JavaRuntimeSupport
0x000000012f9e1000 	/Library/Java/JavaVirtualMachines/jdk1.8.0_201.jdk/Contents/Home/jre/lib/libawt_lwawt.dylib
0x0000000129b77000 	/Library/Java/JavaVirtualMachines/jdk1.8.0_201.jdk/Contents/Home/jre/lib/./libosxapp.dylib
0x00007fff3ff5f000 	/System/Library/Frameworks/ExceptionHandling.framework/Versions/A/ExceptionHandling
0x0000000129f1d000 	/Library/Java/JavaVirtualMachines/jdk1.8.0_201.jdk/Contents/Home/jre/lib/libjpeg.dylib
0x00000001308d1000 	/Users/virojfernando/.javacpp/cache/opencv-4.0.1-1.5-macosx-x86_64.jar/org/bytedeco/opencv/macosx-x86_64/libopencv_features2d.4.0.dylib
0x0000000130a9a000 	/Users/virojfernando/.javacpp/cache/opencv-4.0.1-1.5-macosx-x86_64.jar/org/bytedeco/opencv/macosx-x86_64/libjniopencv_features2d.dylib
0x0000000131c36000 	/Users/virojfernando/.javacpp/cache/opencv-4.0.1-1.5-macosx-x86_64.jar/org/bytedeco/opencv/macosx-x86_64/libopencv_calib3d.4.0.dylib
0x000000012fd70000 	/Users/virojfernando/.javacpp/cache/opencv-4.0.1-1.5-macosx-x86_64.jar/org/bytedeco/opencv/macosx-x86_64/libjniopencv_calib3d.dylib
0x000000012f148000 	/Users/virojfernando/.javacpp/cache/opencv-4.0.1-1.5-macosx-x86_64.jar/org/bytedeco/opencv/macosx-x86_64/libopencv_objdetect.4.0.dylib
0x0000000130992000 	/Users/virojfernando/.javacpp/cache/opencv-4.0.1-1.5-macosx-x86_64.jar/org/bytedeco/opencv/macosx-x86_64/libjniopencv_objdetect.dylib
0x00007fff463ef000 	/System/Library/Frameworks/OpenCL.framework/Versions/A/Libraries/libcldcpuengine.dylib
0x00007fff6768b000 	/usr/lib/libcrypto.35.dylib
0x00007fff64cc5000 	/System/Library/PrivateFrameworks/TrustEvaluationAgent.framework/Versions/A/TrustEvaluationAgent
0x00007fff36575000 	/System/Library/Extensions/AppleIntelKBLGraphicsGLDriver.bundle/Contents/MacOS/AppleIntelKBLGraphicsGLDriver
0x00007fff46e25000 	/System/Library/Frameworks/OpenGL.framework/Versions/A/Libraries/libGLProgrammability.dylib
0x00007fff59275000 	/System/Library/PrivateFrameworks/GPUSupport.framework/Versions/A/Libraries/libGPUSupportMercury.dylib
0x0000000130b09000 	/System/Library/Extensions/AMDRadeonX4000GLDriver.bundle/Contents/MacOS/AMDRadeonX4000GLDriver
0x00007fff32ca4000 	/System/Library/Extensions/AMDRadeonX4000GLDriver.bundle/Contents/MacOS/ATIRadeonX4000SCLib.dylib
0x00007fff47b19000 	/System/Library/Frameworks/OpenGL.framework/Versions/A/Resources/GLRendererFloat.bundle/GLRendererFloat
0x000000012f1af000 	/Users/virojfernando/.javacpp/cache/opencv-4.0.1-1.5-macosx-x86_64.jar/org/bytedeco/opencv/macosx-x86_64/libopencv_photo.4.0.dylib
0x000000012fa9b000 	/Users/virojfernando/.javacpp/cache/opencv-4.0.1-1.5-macosx-x86_64.jar/org/bytedeco/opencv/macosx-x86_64/libjniopencv_photo.dylib
0x000000012fb53000 	/Users/virojfernando/.javacpp/cache/opencv-4.0.1-1.5-macosx-x86_64.jar/org/bytedeco/opencv/macosx-x86_64/libopencv_face.4.0.dylib
0x000000012fc10000 	/Users/virojfernando/.javacpp/cache/opencv-4.0.1-1.5-macosx-x86_64.jar/org/bytedeco/opencv/macosx-x86_64/libjniopencv_face.dylib

VM Arguments:
jvm_args: -Dfile.encoding=UTF-8 -Duser.country=LK -Duser.language=en -Duser.variant 
java_command: com.theheavenscode.facerec.FacerecApplication
java_class_path (initial): /Users/virojfernando/Documents/Heaven'sCode/Java/CamStream/javacv/build/classes/java/main:/Users/virojfernando/Documents/Heaven'sCode/Java/CamStream/javacv/build/resources/main:/Users/virojfernando/Documents/Heaven'sCode/Java/CamStream/javacv/libs/bridj-0.6.3-20130316.190111-13.jar:/Users/virojfernando/Documents/Heaven'sCode/Java/CamStream/javacv/libs/bridj-0.7-20140918.jar:/Users/virojfernando/.gradle/caches/modules-2/files-2.1/org.springframework.boot/spring-boot-starter-web/2.1.4.RELEASE/a4659d55f57421a5ef122cb670b7b544ef8190e8/spring-boot-starter-web-2.1.4.RELEASE.jar:/Users/virojfernando/.gradle/caches/modules-2/files-2.1/org.bytedeco/javacv-platform/1.5/cdedce4a08bac01157d53ef84d202c067978a57/javacv-platform-1.5.jar:/Users/virojfernando/.gradle/caches/modules-2/files-2.1/com.github.sarxos/webcam-capture-driver-ipcam/0.3.12/ce1e58bde05a0730f2ee427a3a2c28ab3f60facc/webcam-capture-driver-ipcam-0.3.12.jar:/Users/virojfernando/.gradle/caches/modules-2/files-2.1/com.github.sarxos/webcam-capture/0.3.12/47b09a421def93b23397bc900ca9a0a31a4927f1/webcam-capture-0.3.12.jar:/Users/virojfernando/.gradle/caches/modules-2/files-2.1/org.springframework.boot/spring-boot-starter-json/2.1.4.RELEASE/247d7c2efae986f310a29e9fef7174adc91d0835/spring-boot-starter-json-2.1.4.RELEASE.jar:/Users/virojfernando/.gradle/caches/modules-2/files-2.1/org.springframework.boot/spring-boot-starter/2.1.4.RELEASE/8fa436ef4e273cb476d5dc3aa73701a8837460af/spring-boot-starter-2.1.4.RELEASE.jar:/Users/virojfernando/.gradle/caches/modules-2/files-2.1/org.springframework.boot/spring-boot-starter-logging/2.1.4.RELEASE/2fb669a89cd65b275be20ab755c3742399395dff/spring-boot-starter-logging-2.1.4.RELEASE.jar:/Users/virojfernando/.gradle/caches/modules-2/files-2.1/ch.qos.logback/logback-classic/1.2.3/7c4f3c474fb2c041d8028740440937705ebb473a/logback-classic-1.2.3.jar:/Users/virojfernando/.gradle/caches/modules-2/files-2.1/org.apache.logging.log4j/log4j-to-slf4j/2.11.2/6d37bf7b046c0ce2
Launcher Type: SUN_STANDARD

Environment Variables:
PATH=/usr/local/bin:/usr/bin:/bin:/usr/sbin:/sbin:/Users/virojfernando/Documents/Heaven\'sCode/j2objc-2.4:/usr/local/var/mongodb/bin:/Applications/Wireshark.app/Contents/MacOS
SHELL=/bin/bash

Signal Handlers:
SIGSEGV: [libjvm.dylib+0x5b723d], sa_mask[0]=11111111011111110111111111111111, sa_flags=SA_ONSTACK|SA_RESTART|SA_SIGINFO
SIGBUS: [libjvm.dylib+0x5b723d], sa_mask[0]=11111111011111110111111111111111, sa_flags=SA_RESTART|SA_SIGINFO
SIGFPE: [libjvm.dylib+0x48c9bc], sa_mask[0]=11111111011111110111111111111111, sa_flags=SA_RESTART|SA_SIGINFO
SIGPIPE: [libjvm.dylib+0x48c9bc], sa_mask[0]=11111111011111110111111111111111, sa_flags=SA_RESTART|SA_SIGINFO
SIGXFSZ: [libjvm.dylib+0x48c9bc], sa_mask[0]=11111111011111110111111111111111, sa_flags=SA_RESTART|SA_SIGINFO
SIGILL: [libjvm.dylib+0x48c9bc], sa_mask[0]=11111111011111110111111111111111, sa_flags=SA_RESTART|SA_SIGINFO
SIGUSR1: SIG_DFL, sa_mask[0]=11011111011111100000000111000110, sa_flags=none
SIGUSR2: [libjvm.dylib+0x48c4da], sa_mask[0]=00100000000000000000000000000000, sa_flags=SA_RESTART|SA_SIGINFO
SIGHUP: [libjvm.dylib+0x48aa65], sa_mask[0]=11111111011111110111111111111111, sa_flags=SA_RESTART|SA_SIGINFO
SIGINT: [libjvm.dylib+0x48aa65], sa_mask[0]=11111111011111110111111111111111, sa_flags=SA_RESTART|SA_SIGINFO
SIGTERM: [libjvm.dylib+0x48aa65], sa_mask[0]=11111111011111110111111111111111, sa_flags=SA_RESTART|SA_SIGINFO
SIGQUIT: [libjvm.dylib+0x48aa65], sa_mask[0]=11111111011111110111111111111111, sa_flags=SA_RESTART|SA_SIGINFO


---------------  S Y S T E M  ---------------

OS:Bsduname:Darwin 18.5.0 Darwin Kernel Version 18.5.0: Mon Mar 11 20:40:32 PDT 2019; root:xnu-4903.251.3~3/RELEASE_X86_64 x86_64
rlimit: STACK 8192k, CORE 0k, NPROC 1418, NOFILE 10240, AS infinity
load average:2.27 2.27 1.97

CPU:total 12 (initial active 12) (6 cores per cpu, 2 threads per core) family 6 model 158 stepping 10, cmov, cx8, fxsr, mmx, sse, sse2, sse3, ssse3, sse4.1, sse4.2, popcnt, avx, avx2, aes, clmul, erms, 3dnowpref, lzcnt, ht, tsc, tscinvbit, bmi1, bmi2, adx

Memory: 4k page, physical 16777216k(111812k free)

/proc/meminfo:


vm_info: Java HotSpot(TM) 64-Bit Server VM (25.201-b09) for bsd-amd64 JRE (1.8.0_201-b09), built on Dec 15 2018 18:35:23 by "java_re" with gcc 4.2.1 (Based on Apple Inc. build 5658) (LLVM build 2336.11.00)

time: Mon Apr 29 22:05:44 2019
timezone: +0530
elapsed time: 10 seconds (0d 0h 0m 10s)

