#
# A fatal error has been detected by the Java Runtime Environment:
#
#  SIGSEGV (0xb) at pc=0x00007fff6898b64c, pid=64648, tid=0x000000000000cd03
#
# JRE version: Java(TM) SE Runtime Environment (8.0_201-b09) (build 1.8.0_201-b09)
# Java VM: Java HotSpot(TM) 64-Bit Server VM (25.201-b09 mixed mode bsd-amd64 compressed oops)
# Problematic frame:
# C  [libobjc.A.dylib+0x864c]  objc_release+0x1c
#
# Failed to write core dump. Core dumps have been disabled. To enable core dumping, try "ulimit -c unlimited" before starting Java again
#
# If you would like to submit a bug report, please visit:
#   http://bugreport.java.com/bugreport/crash.jsp
#

---------------  T H R E A D  ---------------

Current thread is native thread

siginfo: si_signo: 11 (SIGSEGV), si_code: 1 (SEGV_MAPERR), si_addr: 0x0000000000000020

Registers:
RAX=0x0000000000000000, RBX=0x00007fda6dee63f0, RCX=0x00007fff95d33e70, RDX=0x00007fff95d3d650
RSP=0x0000700009e28880, RBP=0x0000700009e28880, RSI=0x0000020000000200, RDI=0x00007fda6dd1d240
R8 =0x0000000000271611, R9 =0xffffffff00000000, R10=0x00007fda6dee6578, R11=0x00007fda749369f0
R12=0x0000000000000018, R13=0x00007fff68989680, R14=0x00007fda6f0fb410, R15=0x0000000000000008
RIP=0x00007fff6898b64c, EFLAGS=0x0000000000010246, ERR=0x0000000000000004
  TRAPNO=0x000000000000000e

Top of Stack: (sp=0x0000700009e28880)
0x0000700009e28880:   0000700009e288c0 00000001130bf310
0x0000700009e28890:   0000000000000001 00007fda74d01f60
0x0000700009e288a0:   00007fff68989680 00007fda6f0f2360
0x0000700009e288b0:   00007fff3bf5a5cc 00007fff3bf55e41
0x0000700009e288c0:   0000700009e28910 00007fff39eff80c
0x0000700009e288d0:   00007fff39f98c4e 00007fff3bf55a5a
0x0000700009e288e0:   00007fff39f9f6fc 00007fda6f0f2360
0x0000700009e288f0:   000000010cc1f340 0000000000000000
0x0000700009e28900:   000000010cc1f340 0000000000000000
0x0000700009e28910:   0000700009e28930 00007fff6a1775f8
0x0000700009e28920:   000000010c020940 0000000000000114
0x0000700009e28930:   0000700009e28950 00007fff6a17863d
0x0000700009e28940:   000000010c020940 0000000000000114
0x0000700009e28950:   0000700009e289e0 00007fff6a17e8e0
0x0000700009e28960:   00007fff9d1ab840 0000001000000010
0x0000700009e28970:   00007fff9d1ab840 0000000000000000
0x0000700009e28980:   0001000000000005 0000000000000000
0x0000700009e28990:   0000700009e28a80 00007fda6dee6cb0
0x0000700009e289a0:   00007fda6dee6c60 0000700009e28a20
0x0000700009e289b0:   0003000209e28a80 00007fff9d1ab840
0x0000700009e289c0:   0000000000000002 0000000000030002
0x0000700009e289d0:   0000700009e28a80 00007fda6dee6c60
0x0000700009e289e0:   0000700009e28a50 00007fff6a17f396
0x0000700009e289f0:   0000000000000000 0000000000000000
0x0000700009e28a00:   00007fda6dee6c98 0000003700000001
0x0000700009e28a10:   001ffea400000000 0000000084004000
0x0000700009e28a20:   0040020000000001 00007fda6dee6c60
0x0000700009e28a30:   0000700009e290a0 00007fda6dee6c60
0x0000700009e28a40:   0000700009e28a80 0000002000000000
0x0000700009e28a50:   0000700009e28b00 00007fff6a1876ed
0x0000700009e28a60:   0000000000001400 000000013638fb20
0x0000700009e28a70:   0000000000000000 0000700009e28d60 

Instructions: (pc=0x00007fff6898b64c)
0x00007fff6898b62c:   00 00 90 90 55 48 89 e5 48 85 ff 74 60 40 f6 c7
0x00007fff6898b63c:   01 75 5a 48 b8 f8 ff ff ff ff 7f 00 00 48 23 07
0x00007fff6898b64c:   f6 40 20 04 74 67 48 b9 00 00 00 00 00 00 00 01
0x00007fff6898b65c:   48 ba 00 00 00 00 00 00 40 00 48 8b 07 a8 01 74 

Register to memory mapping:

RAX=0x0000000000000000 is an unknown value
RBX=0x00007fda6dee63f0 is an unknown value
RCX=0x00007fff95d33e70: OBJC_CLASS_$___NSCFType+0 in /System/Library/Frameworks/CoreFoundation.framework/Versions/A/CoreFoundation at 0x00007fff3dd12000
RDX=0x00007fff95d3d650: __CFRuntimeObjCClassTable+0 in /System/Library/Frameworks/CoreFoundation.framework/Versions/A/CoreFoundation at 0x00007fff3dd12000
RSP=0x0000700009e28880 is an unknown value
RBP=0x0000700009e28880 is an unknown value
RSI=0x0000020000000200 is an unknown value
RDI=0x00007fda6dd1d240 is an unknown value
R8 =0x0000000000271611 is an unknown value
R9 =0xffffffff00000000 is an unknown value
R10=0x00007fda6dee6578 is an unknown value
R11=0x00007fda749369f0 is an unknown value
R12=0x0000000000000018 is an unknown value
R13=0x00007fff68989680: objc_msgSend+0 in /usr/lib/libobjc.A.dylib at 0x00007fff68983000
R14=0x00007fda6f0fb410 is an unknown value
R15=0x0000000000000008 is an unknown value


Stack: [0x0000700009da9000,0x0000700009e29000],  sp=0x0000700009e28880,  free space=510k
Native frames: (J=compiled Java code, j=interpreted, Vv=VM code, C=native code)
C  [libobjc.A.dylib+0x864c]  objc_release+0x1c
C  [libopencv_videoio.4.0.dylib+0x25310]  cv::AVIWriteContainer::jflushStream(unsigned int, int)+0x3860
C  [AVFoundation+0x12380c]  __ConsumerRender_block_invoke+0xd1
C  [libdispatch.dylib+0x25f8]  _dispatch_call_block_and_release+0xc
C  [libdispatch.dylib+0x363d]  _dispatch_client_callout+0x8
C  [libdispatch.dylib+0x98e0]  _dispatch_lane_serial_drain+0x25a
C  [libdispatch.dylib+0xa396]  _dispatch_lane_invoke+0x181
C  [libdispatch.dylib+0x126ed]  _dispatch_workloop_worker_thread+0x256
C  [libsystem_pthread.dylib+0x2611]  _pthread_wqthread+0x1a5
C  [libsystem_pthread.dylib+0x23fd]  start_wqthread+0xd


---------------  P R O C E S S  ---------------

VM state:not at safepoint (normal execution)

VM Mutex/Monitor currently owned by a thread: None

heap address: 0x00000006c0000000, size: 4096 MB, Compressed Oops mode: Zero based, Oop shift amount: 3
Narrow klass base: 0x0000000000000000, Narrow klass shift: 3
Compressed class space size: 1073741824 Address: 0x00000007c0000000

Heap:
 PSYoungGen      total 1354752K, used 315208K [0x000000076ab00000, 0x00000007c0000000, 0x00000007c0000000)
  eden space 1315328K, 20% used [0x000000076ab00000,0x000000077b8630f8,0x00000007baf80000)
  from space 39424K, 99% used [0x00000007baf80000,0x00000007bd5ef0f0,0x00000007bd600000)
  to   space 43008K, 0% used [0x00000007bd600000,0x00000007bd600000,0x00000007c0000000)
 ParOldGen       total 148992K, used 94758K [0x00000006c0000000, 0x00000006c9180000, 0x000000076ab00000)
  object space 148992K, 63% used [0x00000006c0000000,0x00000006c5c89bd0,0x00000006c9180000)
 Metaspace       used 39679K, capacity 41261K, committed 41472K, reserved 1085440K
  class space    used 4950K, capacity 5254K, committed 5376K, reserved 1048576K

Card table byte_map: [0x000000010e779000,0x000000010ef7a000] byte_map_base: 0x000000010b179000

Marking Bits: (ParMarkBitMap*) 0x000000010dcfbe40
 Begin Bits: [0x0000000123db8000, 0x0000000127db8000)
 End Bits:   [0x0000000127db8000, 0x000000012bdb8000)

Polling page: 0x000000010badb000

CodeCache: size=245760Kb used=13078Kb max_used=13092Kb free=232681Kb
 bounds [0x0000000114db8000, 0x0000000115a98000, 0x0000000123db8000]
 total_blobs=4293 nmethods=3688 adapters=518
 compilation: enabled

Compilation events (10 events):
Event: 21.283 Thread 0x00007fda6f835000 4230       3       sun.nio.cs.StreamEncoder::implWrite (156 bytes)
Event: 21.284 Thread 0x00007fda6f835000 nmethod 4230 0x0000000115a8bb90 code [0x0000000115a8be00, 0x0000000115a8cc88]
Event: 21.615 Thread 0x00007fda6f835000 4231       3       javax.imageio.IIOImage::<init> (44 bytes)
Event: 21.615 Thread 0x00007fda6f835000 nmethod 4231 0x0000000115a8b5d0 code [0x0000000115a8b760, 0x0000000115a8ba88]
Event: 21.746 Thread 0x00007fda6f835000 4232       3       java.lang.StringBuilder::append (8 bytes)
Event: 21.746 Thread 0x00007fda6f835000 nmethod 4232 0x0000000114ed8e10 code [0x0000000114ed8f80, 0x0000000114ed9108]
Event: 21.746 Thread 0x00007fda6f835000 4233       3       java.lang.AbstractStringBuilder::append (70 bytes)
Event: 21.747 Thread 0x00007fda6f835000 nmethod 4233 0x0000000115a8a990 code [0x0000000115a8ab80, 0x0000000115a8b2b8]
Event: 21.779 Thread 0x00007fda7001c000 4234       4       javax.imageio.stream.ImageInputStreamImpl::reset (69 bytes)
Event: 21.785 Thread 0x00007fda7001c000 nmethod 4234 0x0000000115a91650 code [0x0000000115a91820, 0x0000000115a92258]

GC Heap History (10 events):
Event: 10.668 GC heap before
{Heap before GC invocations=17 (full 2):
 PSYoungGen      total 974848K, used 973224K [0x000000076ab00000, 0x00000007a8100000, 0x00000007c0000000)
  eden space 955904K, 100% used [0x000000076ab00000,0x00000007a5080000,0x00000007a5080000)
  from space 18944K, 91% used [0x00000007a6480000,0x00000007a756a070,0x00000007a7700000)
  to   space 20480K, 0% used [0x00000007a5080000,0x00000007a5080000,0x00000007a6480000)
 ParOldGen       total 148992K, used 47274K [0x00000006c0000000, 0x00000006c9180000, 0x000000076ab00000)
  object space 148992K, 31% used [0x00000006c0000000,0x00000006c2e2a8c0,0x00000006c9180000)
 Metaspace       used 39429K, capacity 40999K, committed 41216K, reserved 1085440K
  class space    used 4948K, capacity 5253K, committed 5376K, reserved 1048576K
Event: 10.694 GC heap after
Heap after GC invocations=17 (full 2):
 PSYoungGen      total 976384K, used 20453K [0x000000076ab00000, 0x00000007b6800000, 0x00000007c0000000)
  eden space 955904K, 0% used [0x000000076ab00000,0x000000076ab00000,0x00000007a5080000)
  from space 20480K, 99% used [0x00000007a5080000,0x00000007a6479548,0x00000007a6480000)
  to   space 30208K, 0% used [0x00000007b4a80000,0x00000007b4a80000,0x00000007b6800000)
 ParOldGen       total 148992K, used 66840K [0x00000006c0000000, 0x00000006c9180000, 0x000000076ab00000)
  object space 148992K, 44% used [0x00000006c0000000,0x00000006c4146228,0x00000006c9180000)
 Metaspace       used 39429K, capacity 40999K, committed 41216K, reserved 1085440K
  class space    used 4948K, capacity 5253K, committed 5376K, reserved 1048576K
}
Event: 12.755 GC heap before
{Heap before GC invocations=18 (full 2):
 PSYoungGen      total 976384K, used 976357K [0x000000076ab00000, 0x00000007b6800000, 0x00000007c0000000)
  eden space 955904K, 100% used [0x000000076ab00000,0x00000007a5080000,0x00000007a5080000)
  from space 20480K, 99% used [0x00000007a5080000,0x00000007a6479548,0x00000007a6480000)
  to   space 30208K, 0% used [0x00000007b4a80000,0x00000007b4a80000,0x00000007b6800000)
 ParOldGen       total 148992K, used 66845K [0x00000006c0000000, 0x00000006c9180000, 0x000000076ab00000)
  object space 148992K, 44% used [0x00000006c0000000,0x00000006c41477c0,0x00000006c9180000)
 Metaspace       used 39521K, capacity 41063K, committed 41216K, reserved 1085440K
  class space    used 4950K, capacity 5253K, committed 5376K, reserved 1048576K
Event: 12.763 GC heap after
Heap after GC invocations=18 (full 2):
 PSYoungGen      total 1175552K, used 17180K [0x000000076ab00000, 0x00000007b5b80000, 0x00000007c0000000)
  eden space 1158144K, 0% used [0x000000076ab00000,0x000000076ab00000,0x00000007b1600000)
  from space 17408K, 98% used [0x00000007b4a80000,0x00000007b5b47070,0x00000007b5b80000)
  to   space 29696K, 0% used [0x00000007b2180000,0x00000007b2180000,0x00000007b3e80000)
 ParOldGen       total 148992K, used 66853K [0x00000006c0000000, 0x00000006c9180000, 0x000000076ab00000)
  object space 148992K, 44% used [0x00000006c0000000,0x00000006c41497c0,0x00000006c9180000)
 Metaspace       used 39521K, capacity 41063K, committed 41216K, reserved 1085440K
  class space    used 4950K, capacity 5253K, committed 5376K, reserved 1048576K
}
Event: 15.066 GC heap before
{Heap before GC invocations=19 (full 2):
 PSYoungGen      total 1175552K, used 1175324K [0x000000076ab00000, 0x00000007b5b80000, 0x00000007c0000000)
  eden space 1158144K, 100% used [0x000000076ab00000,0x00000007b1600000,0x00000007b1600000)
  from space 17408K, 98% used [0x00000007b4a80000,0x00000007b5b47070,0x00000007b5b80000)
  to   space 29696K, 0% used [0x00000007b2180000,0x00000007b2180000,0x00000007b3e80000)
 ParOldGen       total 148992K, used 72266K [0x00000006c0000000, 0x00000006c9180000, 0x000000076ab00000)
  object space 148992K, 48% used [0x00000006c0000000,0x00000006c4692968,0x00000006c9180000)
 Metaspace       used 39573K, capacity 41133K, committed 41472K, reserved 1085440K
  class space    used 4950K, capacity 5254K, committed 5376K, reserved 1048576K
Event: 15.089 GC heap after
Heap after GC invocations=19 (full 2):
 PSYoungGen      total 1199616K, used 28012K [0x000000076ab00000, 0x00000007bf700000, 0x00000007c0000000)
  eden space 1169920K, 0% used [0x000000076ab00000,0x000000076ab00000,0x00000007b2180000)
  from space 29696K, 94% used [0x00000007b2180000,0x00000007b3cdb0b0,0x00000007b3e80000)
  to   space 33280K, 0% used [0x00000007bd680000,0x00000007bd680000,0x00000007bf700000)
 ParOldGen       total 148992K, used 80374K [0x00000006c0000000, 0x00000006c9180000, 0x000000076ab00000)
  object space 148992K, 53% used [0x00000006c0000000,0x00000006c4e7d998,0x00000006c9180000)
 Metaspace       used 39573K, capacity 41133K, committed 41472K, reserved 1085440K
  class space    used 4950K, capacity 5254K, committed 5376K, reserved 1048576K
}
Event: 18.261 GC heap before
{Heap before GC invocations=20 (full 2):
 PSYoungGen      total 1199616K, used 1197932K [0x000000076ab00000, 0x00000007bf700000, 0x00000007c0000000)
  eden space 1169920K, 100% used [0x000000076ab00000,0x00000007b2180000,0x00000007b2180000)
  from space 29696K, 94% used [0x00000007b2180000,0x00000007b3cdb0b0,0x00000007b3e80000)
  to   space 33280K, 0% used [0x00000007bd680000,0x00000007bd680000,0x00000007bf700000)
 ParOldGen       total 148992K, used 83311K [0x00000006c0000000, 0x00000006c9180000, 0x000000076ab00000)
  object space 148992K, 55% used [0x00000006c0000000,0x00000006c515be98,0x00000006c9180000)
 Metaspace       used 39631K, capacity 41197K, committed 41472K, reserved 1085440K
  class space    used 4950K, capacity 5254K, committed 5376K, reserved 1048576K
Event: 18.291 GC heap after
Heap after GC invocations=20 (full 2):
 PSYoungGen      total 1348608K, used 33252K [0x000000076ab00000, 0x00000007c0000000, 0x00000007c0000000)
  eden space 1315328K, 0% used [0x000000076ab00000,0x000000076ab00000,0x00000007baf80000)
  from space 33280K, 99% used [0x00000007bd680000,0x00000007bf6f90d0,0x00000007bf700000)
  to   space 39936K, 0% used [0x00000007baf80000,0x00000007baf80000,0x00000007bd680000)
 ParOldGen       total 148992K, used 89128K [0x00000006c0000000, 0x00000006c9180000, 0x000000076ab00000)
  object space 148992K, 59% used [0x00000006c0000000,0x00000006c570a178,0x00000006c9180000)
 Metaspace       used 39631K, capacity 41197K, committed 41472K, reserved 1085440K
  class space    used 4950K, capacity 5254K, committed 5376K, reserved 1048576K
}
Event: 21.867 GC heap before
{Heap before GC invocations=21 (full 2):
 PSYoungGen      total 1348608K, used 1348580K [0x000000076ab00000, 0x00000007c0000000, 0x00000007c0000000)
  eden space 1315328K, 100% used [0x000000076ab00000,0x00000007baf80000,0x00000007baf80000)
  from space 33280K, 99% used [0x00000007bd680000,0x00000007bf6f90d0,0x00000007bf700000)
  to   space 39936K, 0% used [0x00000007baf80000,0x00000007baf80000,0x00000007bd680000)
 ParOldGen       total 148992K, used 89350K [0x00000006c0000000, 0x00000006c9180000, 0x000000076ab00000)
  object space 148992K, 59% used [0x00000006c0000000,0x00000006c5741bb0,0x00000006c9180000)
 Metaspace       used 39679K, capacity 41261K, committed 41472K, reserved 1085440K
  class space    used 4950K, capacity 5254K, committed 5376K, reserved 1048576K
Event: 21.906 GC heap after
Heap after GC invocations=21 (full 2):
 PSYoungGen      total 1354752K, used 39356K [0x000000076ab00000, 0x00000007c0000000, 0x00000007c0000000)
  eden space 1315328K, 0% used [0x000000076ab00000,0x000000076ab00000,0x00000007baf80000)
  from space 39424K, 99% used [0x00000007baf80000,0x00000007bd5ef0f0,0x00000007bd600000)
  to   space 43008K, 0% used [0x00000007bd600000,0x00000007bd600000,0x00000007c0000000)
 ParOldGen       total 148992K, used 94758K [0x00000006c0000000, 0x00000006c9180000, 0x000000076ab00000)
  object space 148992K, 63% used [0x00000006c0000000,0x00000006c5c89bd0,0x00000006c9180000)
 Metaspace       used 39679K, capacity 41261K, committed 41472K, reserved 1085440K
  class space    used 4950K, capacity 5254K, committed 5376K, reserved 1048576K
}

Deoptimization events (10 events):
Event: 4.736 Thread 0x00007fda6f81b800 Uncommon trap: reason=array_check action=maybe_recompile pc=0x00000001159069ac method=java.util.AbstractCollection.toArray([Ljava/lang/Object;)[Ljava/lang/Object; @ 119
Event: 4.736 Thread 0x00007fda6f81b800 Uncommon trap: reason=array_check action=maybe_recompile pc=0x00000001159069ac method=java.util.AbstractCollection.toArray([Ljava/lang/Object;)[Ljava/lang/Object; @ 119
Event: 9.668 Thread 0x00007fda6f81b800 Uncommon trap: reason=unstable_if action=reinterpret pc=0x0000000115766e6c method=org.springframework.util.ConcurrentReferenceHashMap$Segment.findInChain(Lorg/springframework/util/ConcurrentReferenceHashMap$Reference;Ljava/lang/Object;I)Lorg/springframewo
Event: 9.668 Thread 0x00007fda6f81b800 Uncommon trap: reason=unstable_if action=reinterpret pc=0x00000001155c8640 method=org.springframework.util.ConcurrentReferenceHashMap$Segment.findInChain(Lorg/springframework/util/ConcurrentReferenceHashMap$Reference;Ljava/lang/Object;I)Lorg/springframewo
Event: 9.668 Thread 0x00007fda6f81b800 Uncommon trap: reason=unstable_if action=reinterpret pc=0x00000001157597b8 method=org.springframework.util.ConcurrentReferenceHashMap$Segment.findInChain(Lorg/springframework/util/ConcurrentReferenceHashMap$Reference;Ljava/lang/Object;I)Lorg/springframewo
Event: 9.720 Thread 0x00007fda6f81b800 Uncommon trap: reason=unstable_if action=reinterpret pc=0x00000001155689f8 method=java.lang.reflect.Method.equals(Ljava/lang/Object;)Z @ 1
Event: 9.736 Thread 0x00007fda6f81b800 Uncommon trap: reason=unstable_if action=reinterpret pc=0x000000011555d868 method=sun.misc.Launcher$AppClassLoader.loadClass(Ljava/lang/String;Z)Ljava/lang/Class; @ 9
Event: 9.851 Thread 0x00007fda6f81b800 Uncommon trap: reason=unstable_if action=reinterpret pc=0x000000011575d46c method=org.springframework.beans.factory.support.AbstractBeanFactory.isTypeMatch(Ljava/lang/String;Lorg/springframework/core/ResolvableType;)Z @ 66
Event: 10.005 Thread 0x00007fda6f81b800 Uncommon trap: reason=unstable_if action=reinterpret pc=0x00000001155f9f74 method=org.springframework.beans.factory.support.DefaultSingletonBeanRegistry.getSingleton(Ljava/lang/String;Z)Ljava/lang/Object; @ 47
Event: 10.071 Thread 0x00007fda6f81b800 Uncommon trap: reason=unstable_if action=reinterpret pc=0x000000011521fef4 method=org.springframework.util.ConcurrentReferenceHashMap$Segment.clear()V @ 4

Classes redefined (0 events):
No events

Internal exceptions (10 events):
Event: 18.547 Thread 0x00007fda6fe0a000 Exception <a 'java/lang/ClassNotFoundException': org/springframework/context/support/LiveBeansView> (0x0000000770b9fd48) thrown at [/Users/java_re/workspace/8-2-build-macosx-x86_64/jdk8u201/12322/hotspot/src/share/vm/classfile/systemDictionary.cpp, line 2
Event: 18.548 Thread 0x00007fda6fe0a000 Exception <a 'java/lang/ClassNotFoundException': org/springframework/boot/actuate/endpoint/jmx/EndpointMBean> (0x0000000770bccbe8) thrown at [/Users/java_re/workspace/8-2-build-macosx-x86_64/jdk8u201/12322/hotspot/src/share/vm/classfile/systemDictionary.c
Event: 18.548 Thread 0x00007fda6fe0a000 Exception <a 'java/lang/ClassNotFoundException': org/springframework/boot/actuate/endpoint/jmx/DataEndpointMBean> (0x0000000770bcd148) thrown at [/Users/java_re/workspace/8-2-build-macosx-x86_64/jdk8u201/12322/hotspot/src/share/vm/classfile/systemDictiona
Event: 18.548 Thread 0x00007fda6fe0a000 Exception <a 'java/lang/ClassNotFoundException': org/springframework/context/support/LiveBeansView> (0x0000000770bcd690) thrown at [/Users/java_re/workspace/8-2-build-macosx-x86_64/jdk8u201/12322/hotspot/src/share/vm/classfile/systemDictionary.cpp, line 2
Event: 18.550 Thread 0x00007fda6fe0a000 Exception <a 'java/lang/ClassNotFoundException': org/springframework/boot/actuate/endpoint/jmx/EndpointMBean> (0x0000000770f7c7e8) thrown at [/Users/java_re/workspace/8-2-build-macosx-x86_64/jdk8u201/12322/hotspot/src/share/vm/classfile/systemDictionary.c
Event: 18.550 Thread 0x00007fda6fe0a000 Exception <a 'java/lang/ClassNotFoundException': org/springframework/boot/actuate/endpoint/jmx/DataEndpointMBean> (0x0000000770f7cd48) thrown at [/Users/java_re/workspace/8-2-build-macosx-x86_64/jdk8u201/12322/hotspot/src/share/vm/classfile/systemDictiona
Event: 18.550 Thread 0x00007fda6fe0a000 Exception <a 'java/lang/ClassNotFoundException': org/springframework/context/support/LiveBeansView> (0x0000000770f7d290) thrown at [/Users/java_re/workspace/8-2-build-macosx-x86_64/jdk8u201/12322/hotspot/src/share/vm/classfile/systemDictionary.cpp, line 2
Event: 18.550 Thread 0x00007fda6fe0a000 Exception <a 'java/lang/ClassNotFoundException': org/springframework/boot/actuate/endpoint/jmx/EndpointMBean> (0x0000000770f7d5c0) thrown at [/Users/java_re/workspace/8-2-build-macosx-x86_64/jdk8u201/12322/hotspot/src/share/vm/classfile/systemDictionary.c
Event: 18.550 Thread 0x00007fda6fe0a000 Exception <a 'java/lang/ClassNotFoundException': org/springframework/boot/actuate/endpoint/jmx/DataEndpointMBean> (0x0000000770f7dae0) thrown at [/Users/java_re/workspace/8-2-build-macosx-x86_64/jdk8u201/12322/hotspot/src/share/vm/classfile/systemDictiona
Event: 18.550 Thread 0x00007fda6fe0a000 Exception <a 'java/lang/ClassNotFoundException': org/springframework/context/support/LiveBeansView> (0x0000000770f7dfe8) thrown at [/Users/java_re/workspace/8-2-build-macosx-x86_64/jdk8u201/12322/hotspot/src/share/vm/classfile/systemDictionary.cpp, line 2

Events (10 events):
Event: 19.995 Thread 0x00007fda70b1a800 DEOPT PACKING pc=0x000000011592500a sp=0x000070000a951e80
Event: 19.995 Thread 0x00007fda70b1a800 DEOPT UNPACKING pc=0x0000000114dff784 sp=0x000070000a951ba0 mode 0
Event: 21.081 Thread 0x00007fda70b1a800 DEOPT PACKING pc=0x000000011591cfb8 sp=0x000070000a9521f0
Event: 21.081 Thread 0x00007fda70b1a800 DEOPT UNPACKING pc=0x0000000114dff784 sp=0x000070000a951f30 mode 0
Event: 21.615 Thread 0x00007fda6f835000 flushing nmethod 0x0000000114ed8590
Event: 21.746 Thread 0x00007fda6f835000 flushing nmethod 0x0000000114f635d0
Event: 21.867 Executing VM operation: ParallelGCFailedAllocation
Event: 21.867 Executing VM operation: ParallelGCFailedAllocation done
Event: 21.867 Executing VM operation: ParallelGCSystemGC
Event: 21.906 Executing VM operation: ParallelGCSystemGC done


Dynamic libraries:
0x00007fff3d52a000 	/System/Library/Frameworks/Cocoa.framework/Versions/A/Cocoa
0x00007fff4920c000 	/System/Library/Frameworks/Security.framework/Versions/A/Security
0x00007fff3c1bf000 	/System/Library/Frameworks/ApplicationServices.framework/Versions/A/ApplicationServices
0x00007fff69859000 	/usr/lib/libz.1.dylib
0x00007fff66f89000 	/usr/lib/libSystem.B.dylib
0x00007fff68983000 	/usr/lib/libobjc.A.dylib
0x00007fff3dd12000 	/System/Library/Frameworks/CoreFoundation.framework/Versions/A/CoreFoundation
0x00007fff3ff86000 	/System/Library/Frameworks/Foundation.framework/Versions/C/Foundation
0x00007fff3b3b8000 	/System/Library/Frameworks/AppKit.framework/Versions/C/AppKit
0x00007fff3d8a5000 	/System/Library/Frameworks/CoreData.framework/Versions/A/CoreData
0x00007fff60ad8000 	/System/Library/PrivateFrameworks/RemoteViewServices.framework/Versions/A/RemoteViewServices
0x00007fff64ccc000 	/System/Library/PrivateFrameworks/UIFoundation.framework/Versions/A/UIFoundation
0x00007fff663ae000 	/System/Library/PrivateFrameworks/XCTTargetBootstrap.framework/Versions/A/XCTTargetBootstrap
0x00007fff5b910000 	/System/Library/PrivateFrameworks/IconServices.framework/Versions/A/IconServices
0x00007fff4289f000 	/System/Library/Frameworks/Metal.framework/Versions/A/Metal
0x00007fff52e9b000 	/System/Library/PrivateFrameworks/DesktopServicesPriv.framework/Versions/A/DesktopServicesPriv
0x00007fff67ce9000 	/usr/lib/libenergytrace.dylib
0x00007fff631bb000 	/System/Library/PrivateFrameworks/SkyLight.framework/Versions/A/SkyLight
0x00007fff3e157000 	/System/Library/Frameworks/CoreGraphics.framework/Versions/A/CoreGraphics
0x00007fff3a184000 	/System/Library/Frameworks/Accelerate.framework/Versions/A/Accelerate
0x00007fff406cc000 	/System/Library/Frameworks/IOSurface.framework/Versions/A/IOSurface
0x00007fff52d07000 	/System/Library/PrivateFrameworks/DFRFoundation.framework/Versions/A/DFRFoundation
0x00007fff3c6a2000 	/System/Library/Frameworks/AudioToolbox.framework/Versions/A/AudioToolbox
0x00007fff3c91b000 	/System/Library/Frameworks/AudioUnit.framework/Versions/A/AudioUnit
0x00007fff52d9c000 	/System/Library/PrivateFrameworks/DataDetectorsCore.framework/Versions/A/DataDetectorsCore
0x00007fff3d02e000 	/System/Library/Frameworks/Carbon.framework/Versions/A/Frameworks/HIToolbox.framework/Versions/A/HIToolbox
0x00007fff67e42000 	/usr/lib/libicucore.A.dylib
0x00007fff48783000 	/System/Library/Frameworks/QuartzCore.framework/Versions/A/QuartzCore
0x00007fff3d402000 	/System/Library/Frameworks/Carbon.framework/Versions/A/Frameworks/SpeechRecognition.framework/Versions/A/SpeechRecognition
0x00007fff670dd000 	/usr/lib/libauto.dylib
0x00007fff6974d000 	/usr/lib/libxml2.2.dylib
0x00007fff528e7000 	/System/Library/PrivateFrameworks/CoreUI.framework/Versions/A/CoreUI
0x00007fff3d790000 	/System/Library/Frameworks/CoreAudio.framework/Versions/A/CoreAudio
0x00007fff3fdc2000 	/System/Library/Frameworks/DiskArbitration.framework/Versions/A/DiskArbitration
0x00007fff680ef000 	/usr/lib/liblangid.dylib
0x00007fff5cd10000 	/System/Library/PrivateFrameworks/MultitouchSupport.framework/Versions/A/MultitouchSupport
0x00007fff4063b000 	/System/Library/Frameworks/IOKit.framework/Versions/A/IOKit
0x00007fff66b4a000 	/usr/lib/libDiagnosticMessagesClient.dylib
0x00007fff3ef63000 	/System/Library/Frameworks/CoreServices.framework/Versions/A/CoreServices
0x00007fff5e8e6000 	/System/Library/PrivateFrameworks/PerformanceAnalysis.framework/Versions/A/PerformanceAnalysis
0x00007fff47973000 	/System/Library/Frameworks/OpenGL.framework/Versions/A/OpenGL
0x00007fff3d538000 	/System/Library/Frameworks/ColorSync.framework/Versions/A/ColorSync
0x00007fff3e7e8000 	/System/Library/Frameworks/CoreImage.framework/Versions/A/CoreImage
0x00007fff3f93c000 	/System/Library/Frameworks/CoreText.framework/Versions/A/CoreText
0x00007fff4072f000 	/System/Library/Frameworks/ImageIO.framework/Versions/A/ImageIO
0x00007fff4ef45000 	/System/Library/PrivateFrameworks/Backup.framework/Versions/A/Backup
0x00007fff67030000 	/usr/lib/libarchive.2.dylib
0x00007fff3cc73000 	/System/Library/Frameworks/CFNetwork.framework/Versions/A/CFNetwork
0x00007fff49965000 	/System/Library/Frameworks/SystemConfiguration.framework/Versions/A/SystemConfiguration
0x00007fff66a7b000 	/usr/lib/libCRFSuite.dylib
0x00007fff671cc000 	/usr/lib/libc++.1.dylib
0x00007fff67220000 	/usr/lib/libc++abi.dylib
0x00007fff6a048000 	/usr/lib/system/libcache.dylib
0x00007fff6a04d000 	/usr/lib/system/libcommonCrypto.dylib
0x00007fff6a058000 	/usr/lib/system/libcompiler_rt.dylib
0x00007fff6a060000 	/usr/lib/system/libcopyfile.dylib
0x00007fff6a06a000 	/usr/lib/system/libcorecrypto.dylib
0x00007fff6a175000 	/usr/lib/system/libdispatch.dylib
0x00007fff6a1af000 	/usr/lib/system/libdyld.dylib
0x00007fff6a1dc000 	/usr/lib/system/libkeymgr.dylib
0x00007fff6a1ea000 	/usr/lib/system/liblaunch.dylib
0x00007fff6a1eb000 	/usr/lib/system/libmacho.dylib
0x00007fff6a1f1000 	/usr/lib/system/libquarantine.dylib
0x00007fff6a1f4000 	/usr/lib/system/libremovefile.dylib
0x00007fff6a1f6000 	/usr/lib/system/libsystem_asl.dylib
0x00007fff6a20e000 	/usr/lib/system/libsystem_blocks.dylib
0x00007fff6a20f000 	/usr/lib/system/libsystem_c.dylib
0x00007fff6a297000 	/usr/lib/system/libsystem_configuration.dylib
0x00007fff6a29b000 	/usr/lib/system/libsystem_coreservices.dylib
0x00007fff6a29f000 	/usr/lib/system/libsystem_darwin.dylib
0x00007fff6a2a6000 	/usr/lib/system/libsystem_dnssd.dylib
0x00007fff6a2ad000 	/usr/lib/system/libsystem_info.dylib
0x00007fff6a322000 	/usr/lib/system/libsystem_m.dylib
0x00007fff6a36e000 	/usr/lib/system/libsystem_malloc.dylib
0x00007fff6a393000 	/usr/lib/system/libsystem_networkextension.dylib
0x00007fff6a39e000 	/usr/lib/system/libsystem_notify.dylib
0x00007fff6a3bb000 	/usr/lib/system/libsystem_sandbox.dylib
0x00007fff6a3bf000 	/usr/lib/system/libsystem_secinit.dylib
0x00007fff6a2f9000 	/usr/lib/system/libsystem_kernel.dylib
0x00007fff6a3a6000 	/usr/lib/system/libsystem_platform.dylib
0x00007fff6a3b0000 	/usr/lib/system/libsystem_pthread.dylib
0x00007fff6a3c2000 	/usr/lib/system/libsystem_symptoms.dylib
0x00007fff6a3ca000 	/usr/lib/system/libsystem_trace.dylib
0x00007fff6a3e1000 	/usr/lib/system/libunwind.dylib
0x00007fff6a3e7000 	/usr/lib/system/libxpc.dylib
0x00007fff671ad000 	/usr/lib/libbsm.0.dylib
0x00007fff6a1dd000 	/usr/lib/system/libkxld.dylib
0x00007fff4e18b000 	/System/Library/PrivateFrameworks/AppleFSCompression.framework/Versions/A/AppleFSCompression
0x00007fff66e49000 	/usr/lib/libOpenScriptingUtil.dylib
0x00007fff674d5000 	/usr/lib/libcoretls.dylib
0x00007fff674ec000 	/usr/lib/libcoretls_cfhelpers.dylib
0x00007fff6911a000 	/usr/lib/libpam.2.dylib
0x00007fff692da000 	/usr/lib/libsqlite3.dylib
0x00007fff6973b000 	/usr/lib/libxar.1.dylib
0x00007fff671be000 	/usr/lib/libbz2.1.0.dylib
0x00007fff680f1000 	/usr/lib/liblzma.5.dylib
0x00007fff685a2000 	/usr/lib/libnetwork.dylib
0x00007fff67019000 	/usr/lib/libapple_nghttp2.dylib
0x00007fff69121000 	/usr/lib/libpcap.A.dylib
0x00007fff3f302000 	/System/Library/Frameworks/CoreServices.framework/Versions/A/Frameworks/FSEvents.framework/Versions/A/FSEvents
0x00007fff3efe1000 	/System/Library/Frameworks/CoreServices.framework/Versions/A/Frameworks/CarbonCore.framework/Versions/A/CarbonCore
0x00007fff3f4be000 	/System/Library/Frameworks/CoreServices.framework/Versions/A/Frameworks/Metadata.framework/Versions/A/Metadata
0x00007fff3f55d000 	/System/Library/Frameworks/CoreServices.framework/Versions/A/Frameworks/OSServices.framework/Versions/A/OSServices
0x00007fff3f5a8000 	/System/Library/Frameworks/CoreServices.framework/Versions/A/Frameworks/SearchKit.framework/Versions/A/SearchKit
0x00007fff3ef64000 	/System/Library/Frameworks/CoreServices.framework/Versions/A/Frameworks/AE.framework/Versions/A/AE
0x00007fff3f30b000 	/System/Library/Frameworks/CoreServices.framework/Versions/A/Frameworks/LaunchServices.framework/Versions/A/LaunchServices
0x00007fff3f2b9000 	/System/Library/Frameworks/CoreServices.framework/Versions/A/Frameworks/DictionaryServices.framework/Versions/A/DictionaryServices
0x00007fff3f610000 	/System/Library/Frameworks/CoreServices.framework/Versions/A/Frameworks/SharedFileList.framework/Versions/A/SharedFileList
0x00007fff4394e000 	/System/Library/Frameworks/NetFS.framework/Versions/A/NetFS
0x00007fff5cf76000 	/System/Library/PrivateFrameworks/NetAuth.framework/Versions/A/NetAuth
0x00007fff667b2000 	/System/Library/PrivateFrameworks/login.framework/Versions/A/Frameworks/loginsupport.framework/Versions/A/loginsupport
0x00007fff648d5000 	/System/Library/PrivateFrameworks/TCC.framework/Versions/A/TCC
0x00007fff51f46000 	/System/Library/PrivateFrameworks/CoreNLP.framework/Versions/A/CoreNLP
0x00007fff5ca0f000 	/System/Library/PrivateFrameworks/MetadataUtilities.framework/Versions/A/MetadataUtilities
0x00007fff681c6000 	/usr/lib/libmecabra.dylib
0x00007fff3c1c0000 	/System/Library/Frameworks/ApplicationServices.framework/Versions/A/Frameworks/ATS.framework/Versions/A/ATS
0x00007fff3c50f000 	/System/Library/Frameworks/ApplicationServices.framework/Versions/A/Frameworks/ColorSyncLegacy.framework/Versions/A/ColorSyncLegacy
0x00007fff3c5ae000 	/System/Library/Frameworks/ApplicationServices.framework/Versions/A/Frameworks/HIServices.framework/Versions/A/HIServices
0x00007fff3c601000 	/System/Library/Frameworks/ApplicationServices.framework/Versions/A/Frameworks/LangAnalysis.framework/Versions/A/LangAnalysis
0x00007fff3c611000 	/System/Library/Frameworks/ApplicationServices.framework/Versions/A/Frameworks/PrintCore.framework/Versions/A/PrintCore
0x00007fff3c65b000 	/System/Library/Frameworks/ApplicationServices.framework/Versions/A/Frameworks/QD.framework/Versions/A/QD
0x00007fff3c695000 	/System/Library/Frameworks/ApplicationServices.framework/Versions/A/Frameworks/SpeechSynthesis.framework/Versions/A/SpeechSynthesis
0x00007fff67248000 	/usr/lib/libcompression.dylib
0x00007fff3dc2a000 	/System/Library/Frameworks/CoreDisplay.framework/Versions/A/CoreDisplay
0x00007fff42b56000 	/System/Library/Frameworks/MetalPerformanceShaders.framework/Versions/A/MetalPerformanceShaders
0x00007fff3a19c000 	/System/Library/Frameworks/Accelerate.framework/Versions/A/Frameworks/vImage.framework/Versions/A/vImage
0x00007fff3b216000 	/System/Library/Frameworks/Accelerate.framework/Versions/A/Frameworks/vecLib.framework/Versions/A/vecLib
0x00007fff3b162000 	/System/Library/Frameworks/Accelerate.framework/Versions/A/Frameworks/vecLib.framework/Versions/A/libvMisc.dylib
0x00007fff3af7a000 	/System/Library/Frameworks/Accelerate.framework/Versions/A/Frameworks/vecLib.framework/Versions/A/libvDSP.dylib
0x00007fff3a836000 	/System/Library/Frameworks/Accelerate.framework/Versions/A/Frameworks/vecLib.framework/Versions/A/libBLAS.dylib
0x00007fff3ab23000 	/System/Library/Frameworks/Accelerate.framework/Versions/A/Frameworks/vecLib.framework/Versions/A/libLAPACK.dylib
0x00007fff3aecd000 	/System/Library/Frameworks/Accelerate.framework/Versions/A/Frameworks/vecLib.framework/Versions/A/libLinearAlgebra.dylib
0x00007fff3af66000 	/System/Library/Frameworks/Accelerate.framework/Versions/A/Frameworks/vecLib.framework/Versions/A/libSparseBLAS.dylib
0x00007fff3aee3000 	/System/Library/Frameworks/Accelerate.framework/Versions/A/Frameworks/vecLib.framework/Versions/A/libQuadrature.dylib
0x00007fff3aab0000 	/System/Library/Frameworks/Accelerate.framework/Versions/A/Frameworks/vecLib.framework/Versions/A/libBNNS.dylib
0x00007fff3aee9000 	/System/Library/Frameworks/Accelerate.framework/Versions/A/Frameworks/vecLib.framework/Versions/A/libSparse.dylib
0x00007fff59281000 	/System/Library/PrivateFrameworks/GPUWrangler.framework/Versions/A/GPUWrangler
0x00007fff5b545000 	/System/Library/PrivateFrameworks/IOAccelerator.framework/Versions/A/IOAccelerator
0x00007fff5b550000 	/System/Library/PrivateFrameworks/IOPresentment.framework/Versions/A/IOPresentment
0x00007fff52d17000 	/System/Library/PrivateFrameworks/DSExternalDisplay.framework/Versions/A/DSExternalDisplay
0x00007fff46dca000 	/System/Library/Frameworks/OpenGL.framework/Versions/A/Libraries/libCoreFSCache.dylib
0x00007fff4294a000 	/System/Library/Frameworks/MetalPerformanceShaders.framework/Frameworks/MPSCore.framework/Versions/A/MPSCore
0x00007fff4296a000 	/System/Library/Frameworks/MetalPerformanceShaders.framework/Frameworks/MPSImage.framework/Versions/A/MPSImage
0x00007fff42a0f000 	/System/Library/Frameworks/MetalPerformanceShaders.framework/Frameworks/MPSNeuralNetwork.framework/Versions/A/MPSNeuralNetwork
0x00007fff429e7000 	/System/Library/Frameworks/MetalPerformanceShaders.framework/Frameworks/MPSMatrix.framework/Versions/A/MPSMatrix
0x00007fff42b3b000 	/System/Library/Frameworks/MetalPerformanceShaders.framework/Frameworks/MPSRayIntersector.framework/Versions/A/MPSRayIntersector
0x00007fff5ca38000 	/System/Library/PrivateFrameworks/MetalTools.framework/Versions/A/MetalTools
0x00007fff4d88c000 	/System/Library/PrivateFrameworks/AggregateDictionary.framework/Versions/A/AggregateDictionary
0x00007fff66e2a000 	/usr/lib/libMobileGestalt.dylib
0x00007fff3fa9f000 	/System/Library/Frameworks/CoreVideo.framework/Versions/A/CoreVideo
0x00007fff5a08b000 	/System/Library/PrivateFrameworks/GraphVisualizer.framework/Versions/A/GraphVisualizer
0x00007fff53f11000 	/System/Library/PrivateFrameworks/FaceCore.framework/Versions/A/FaceCore
0x00007fff463f8000 	/System/Library/Frameworks/OpenCL.framework/Versions/A/OpenCL
0x00007fff66b82000 	/usr/lib/libFosl_dynamic.dylib
0x00007fff5d7e1000 	/System/Library/PrivateFrameworks/OTSVG.framework/Versions/A/OTSVG
0x00007fff3c2c4000 	/System/Library/Frameworks/ApplicationServices.framework/Versions/A/Frameworks/ATS.framework/Versions/A/Resources/libFontParser.dylib
0x00007fff3c3dc000 	/System/Library/Frameworks/ApplicationServices.framework/Versions/A/Frameworks/ATS.framework/Versions/A/Resources/libFontRegistry.dylib
0x00007fff4099d000 	/System/Library/Frameworks/ImageIO.framework/Versions/A/Resources/libJPEG.dylib
0x00007fff40caf000 	/System/Library/Frameworks/ImageIO.framework/Versions/A/Resources/libTIFF.dylib
0x00007fff40c85000 	/System/Library/Frameworks/ImageIO.framework/Versions/A/Resources/libPng.dylib
0x00007fff408bb000 	/System/Library/Frameworks/ImageIO.framework/Versions/A/Resources/libGIF.dylib
0x00007fff408c0000 	/System/Library/Frameworks/ImageIO.framework/Versions/A/Resources/libJP2.dylib
0x00007fff40cac000 	/System/Library/Frameworks/ImageIO.framework/Versions/A/Resources/libRadiance.dylib
0x00007fff4e2e0000 	/System/Library/PrivateFrameworks/AppleJPEG.framework/Versions/A/AppleJPEG
0x00007fff46dd5000 	/System/Library/Frameworks/OpenGL.framework/Versions/A/Libraries/libGFXShared.dylib
0x00007fff46f98000 	/System/Library/Frameworks/OpenGL.framework/Versions/A/Libraries/libGLU.dylib
0x00007fff46dde000 	/System/Library/Frameworks/OpenGL.framework/Versions/A/Libraries/libGL.dylib
0x00007fff46dea000 	/System/Library/Frameworks/OpenGL.framework/Versions/A/Libraries/libGLImage.dylib
0x00007fff46dc7000 	/System/Library/Frameworks/OpenGL.framework/Versions/A/Libraries/libCVMSPluginSupport.dylib
0x00007fff46dd0000 	/System/Library/Frameworks/OpenGL.framework/Versions/A/Libraries/libCoreVMClient.dylib
0x00007fff67b5f000 	/usr/lib/libcups.2.dylib
0x00007fff41e72000 	/System/Library/Frameworks/Kerberos.framework/Versions/A/Kerberos
0x00007fff403a2000 	/System/Library/Frameworks/GSS.framework/Versions/A/GSS
0x00007fff6926f000 	/usr/lib/libresolv.9.dylib
0x00007fff67d51000 	/usr/lib/libiconv.2.dylib
0x00007fff5a1e7000 	/System/Library/PrivateFrameworks/Heimdal.framework/Versions/A/Heimdal
0x00007fff67d21000 	/usr/lib/libheimdal-asn1.dylib
0x00007fff4646c000 	/System/Library/Frameworks/OpenDirectory.framework/Versions/A/OpenDirectory
0x00007fff50cad000 	/System/Library/PrivateFrameworks/CommonAuth.framework/Versions/A/CommonAuth
0x00007fff46450000 	/System/Library/Frameworks/OpenDirectory.framework/Versions/A/Frameworks/CFOpenDirectory.framework/Versions/A/CFOpenDirectory
0x00007fff4950b000 	/System/Library/Frameworks/SecurityFoundation.framework/Versions/A/SecurityFoundation
0x00007fff4cde7000 	/System/Library/PrivateFrameworks/APFS.framework/Versions/A/APFS
0x00007fff69737000 	/usr/lib/libutil.dylib
0x00007fff67236000 	/usr/lib/libcharset.1.dylib
0x00007fff4e57d000 	/System/Library/PrivateFrameworks/AppleSauce.framework/Versions/A/AppleSauce
0x00007fff4e6fe000 	/System/Library/PrivateFrameworks/AssertionServices.framework/Versions/A/AssertionServices
0x00007fff4efdb000 	/System/Library/PrivateFrameworks/BaseBoard.framework/Versions/A/BaseBoard
0x00007fff68121000 	/usr/lib/libmecab.1.0.0.dylib
0x00007fff67d1b000 	/usr/lib/libgermantok.dylib
0x00007fff67006000 	/usr/lib/libThaiTokenizer.dylib
0x00007fff66ab2000 	/usr/lib/libChineseTokenizer.dylib
0x00007fff5bbfc000 	/System/Library/PrivateFrameworks/LanguageModeling.framework/Versions/A/LanguageModeling
0x00007fff5198c000 	/System/Library/PrivateFrameworks/CoreEmoji.framework/Versions/A/CoreEmoji
0x00007fff5bcd8000 	/System/Library/PrivateFrameworks/Lexicon.framework/Versions/A/Lexicon
0x00007fff5bd1b000 	/System/Library/PrivateFrameworks/LinguisticData.framework/Versions/A/LinguisticData
0x00007fff67237000 	/usr/lib/libcmph.dylib
0x00007fff495c9000 	/System/Library/Frameworks/ServiceManagement.framework/Versions/A/ServiceManagement
0x00007fff4ef3c000 	/System/Library/PrivateFrameworks/BackgroundTaskManagement.framework/Versions/A/BackgroundTaskManagement
0x00007fff69830000 	/usr/lib/libxslt.1.dylib
0x00007fff3d32f000 	/System/Library/Frameworks/Carbon.framework/Versions/A/Frameworks/Ink.framework/Versions/A/Ink
0x00007fff64b47000 	/System/Library/PrivateFrameworks/TextureIO.framework/Versions/A/TextureIO
0x00007fff6705a000 	/usr/lib/libate.dylib
0x00007fff52c67000 	/System/Library/PrivateFrameworks/CrashReporterSupport.framework/Versions/A/CrashReporterSupport
0x00007fff622f9000 	/System/Library/PrivateFrameworks/Sharing.framework/Versions/A/Sharing
0x00007fff4eadd000 	/System/Library/PrivateFrameworks/AuthKit.framework/Versions/A/AuthKit
0x00007fff4de87000 	/System/Library/PrivateFrameworks/Apple80211.framework/Versions/A/Apple80211
0x00007fff52a13000 	/System/Library/PrivateFrameworks/CoreUtils.framework/Versions/A/CoreUtils
0x00007fff3fadd000 	/System/Library/Frameworks/CoreWLAN.framework/Versions/A/CoreWLAN
0x00007fff404d1000 	/System/Library/Frameworks/IOBluetooth.framework/Versions/A/IOBluetooth
0x00007fff60785000 	/System/Library/PrivateFrameworks/ProtocolBuffer.framework/Versions/A/ProtocolBuffer
0x00007fff5cc6e000 	/System/Library/PrivateFrameworks/MobileKeyBag.framework/Versions/A/MobileKeyBag
0x00007fff52259000 	/System/Library/PrivateFrameworks/CorePhoneNumbers.framework/Versions/A/CorePhoneNumbers
0x00007fff4e294000 	/System/Library/PrivateFrameworks/AppleIDAuthSupport.framework/Versions/A/AppleIDAuthSupport
0x00007fff5bbcf000 	/System/Library/PrivateFrameworks/KeychainCircle.framework/Versions/A/KeychainCircle
0x00007fff6093b000 	/System/Library/PrivateFrameworks/ROCKit.framework/Versions/A/ROCKit
0x00007fff52c03000 	/System/Library/PrivateFrameworks/CoreWiFi.framework/Versions/A/CoreWiFi
0x00007fff3d87a000 	/System/Library/Frameworks/CoreBluetooth.framework/Versions/A/CoreBluetooth
0x00007fff52e5d000 	/System/Library/PrivateFrameworks/DebugSymbols.framework/Versions/A/DebugSymbols
0x00007fff527d4000 	/System/Library/PrivateFrameworks/CoreSymbolication.framework/Versions/A/CoreSymbolication
0x00007fff64363000 	/System/Library/PrivateFrameworks/Symbolication.framework/Versions/A/Symbolication
0x00007fff63c06000 	/System/Library/PrivateFrameworks/SpeechRecognitionCore.framework/Versions/A/SpeechRecognitionCore
0x000000010d400000 	/Library/Java/JavaVirtualMachines/jdk1.8.0_201.jdk/Contents/Home/jre/lib/server/libjvm.dylib
0x00007fff69608000 	/usr/lib/libstdc++.6.dylib
0x000000010ba97000 	/Library/Java/JavaVirtualMachines/jdk1.8.0_201.jdk/Contents/Home/jre/lib/libverify.dylib
0x000000010baa5000 	/Library/Java/JavaVirtualMachines/jdk1.8.0_201.jdk/Contents/Home/jre/lib/libjava.dylib
0x000000010bb25000 	/Library/Java/JavaVirtualMachines/jdk1.8.0_201.jdk/Contents/Home/jre/lib/libzip.dylib
0x0000000112aa4000 	/Library/Java/JavaVirtualMachines/jdk1.8.0_201.jdk/Contents/Home/jre/lib/libmanagement.dylib
0x0000000112ec0000 	/Library/Java/JavaVirtualMachines/jdk1.8.0_201.jdk/Contents/Home/jre/lib/libnet.dylib
0x0000000112a29000 	/Library/Java/JavaVirtualMachines/jdk1.8.0_201.jdk/Contents/Home/jre/lib/libnio.dylib
0x000000012bdb8000 	/Users/virojfernando/.javacpp/cache/opencv-4.0.1-1.5-macosx-x86_64.jar/org/bytedeco/opencv/macosx-x86_64/libopencv_core.4.0.dylib
0x000000012c5ad000 	/Users/virojfernando/.javacpp/cache/opencv-4.0.1-1.5-macosx-x86_64.jar/org/bytedeco/opencv/macosx-x86_64/libopencv_imgproc.4.0.dylib
0x000000012c9ea000 	/Users/virojfernando/.javacpp/cache/opencv-4.0.1-1.5-macosx-x86_64.jar/org/bytedeco/opencv/macosx-x86_64/libjniopencv_core.dylib
0x00007fff41e6d000 	/System/Library/Frameworks/JavaVM.framework/Versions/A/JavaVM
0x00007fff5baee000 	/System/Library/PrivateFrameworks/JavaLaunching.framework/Versions/A/JavaLaunching
0x000000011450f000 	/Users/virojfernando/.javacpp/cache/opencv-4.0.1-1.5-macosx-x86_64.jar/org/bytedeco/opencv/macosx-x86_64/libjniopencv_imgproc.dylib
0x000000012cdb7000 	/Users/virojfernando/.javacpp/cache/opencv-4.0.1-1.5-macosx-x86_64.jar/org/bytedeco/opencv/macosx-x86_64/libopencv_imgcodecs.4.0.dylib
0x0000000113045000 	/Users/virojfernando/.javacpp/cache/opencv-4.0.1-1.5-macosx-x86_64.jar/org/bytedeco/opencv/macosx-x86_64/libjniopencv_imgcodecs.dylib
0x000000011309a000 	/Users/virojfernando/.javacpp/cache/opencv-4.0.1-1.5-macosx-x86_64.jar/org/bytedeco/opencv/macosx-x86_64/libopencv_videoio.4.0.dylib
0x00007fff39ddc000 	/System/Library/Frameworks/AVFoundation.framework/Versions/A/AVFoundation
0x00007fff3ee05000 	/System/Library/Frameworks/CoreMedia.framework/Versions/A/CoreMedia
0x00007fff39fb7000 	/System/Library/Frameworks/AVFoundation.framework/Versions/A/Frameworks/AVFAudio.framework/Versions/A/AVFAudio
0x00007fff5ba66000 	/System/Library/PrivateFrameworks/InternationalSupport.framework/Versions/A/InternationalSupport
0x00007fff421fd000 	/System/Library/Frameworks/MediaToolbox.framework/Versions/A/MediaToolbox
0x00007fff49c28000 	/System/Library/Frameworks/VideoToolbox.framework/Versions/A/VideoToolbox
0x00007fff3ef07000 	/System/Library/Frameworks/CoreMediaIO.framework/Versions/A/CoreMediaIO
0x00007fff60aba000 	/System/Library/PrivateFrameworks/RemoteServiceDiscovery.framework/Versions/A/RemoteServiceDiscovery
0x00007fff60afb000 	/System/Library/PrivateFrameworks/RemoteXPC.framework/Versions/A/RemoteXPC
0x00007fff692d8000 	/usr/lib/libspindump.dylib
0x00007fff51533000 	/System/Library/PrivateFrameworks/CoreAVCHD.framework/Versions/A/CoreAVCHD
0x00007fff42144000 	/System/Library/Frameworks/MediaAccessibility.framework/Versions/A/MediaAccessibility
0x00007fff5c53d000 	/System/Library/PrivateFrameworks/Mangrove.framework/Versions/A/Mangrove
0x00007fff5114f000 	/System/Library/PrivateFrameworks/CoreAUC.framework/Versions/A/CoreAUC
0x00007fff4e663000 	/System/Library/PrivateFrameworks/AppleVA.framework/Versions/A/AppleVA
0x00000001130d6000 	/Users/virojfernando/.javacpp/cache/opencv-4.0.1-1.5-macosx-x86_64.jar/org/bytedeco/opencv/macosx-x86_64/libjniopencv_videoio.dylib
0x0000000113345000 	/System/Library/Frameworks/CoreMediaIO.framework/Resources/VDC.plugin/Contents/MacOS/VDC
0x0000000114694000 	/System/Library/Frameworks/CoreMediaIO.framework/Resources/CMIOUnits.bundle/Contents/MacOS/CMIOUnits
0x00007fff53ee8000 	/System/Library/PrivateFrameworks/FWAVC.framework/Versions/A/FWAVC
0x00007fff3d029000 	/System/Library/Frameworks/Carbon.framework/Versions/A/Carbon
0x00007fff3d02a000 	/System/Library/Frameworks/Carbon.framework/Versions/A/Frameworks/CommonPanels.framework/Versions/A/CommonPanels
0x00007fff3d325000 	/System/Library/Frameworks/Carbon.framework/Versions/A/Frameworks/Help.framework/Versions/A/Help
0x00007fff3d329000 	/System/Library/Frameworks/Carbon.framework/Versions/A/Frameworks/ImageCapture.framework/Versions/A/ImageCapture
0x00007fff3d3c5000 	/System/Library/Frameworks/Carbon.framework/Versions/A/Frameworks/OpenScripting.framework/Versions/A/OpenScripting
0x00007fff3d3fd000 	/System/Library/Frameworks/Carbon.framework/Versions/A/Frameworks/Print.framework/Versions/A/Print
0x00007fff3d3ff000 	/System/Library/Frameworks/Carbon.framework/Versions/A/Frameworks/SecurityHI.framework/Versions/A/SecurityHI
0x00000001137d0000 	/System/Library/Frameworks/CoreMediaIO.framework/Resources/BaseUnits/CMIOBaseUnits.bundle/Contents/MacOS/CMIOBaseUnits
0x00007fff523dd000 	/System/Library/PrivateFrameworks/CoreServicesInternal.framework/Versions/A/CoreServicesInternal
0x00007fff32b57000 	/System/Library/Extensions/AMDMTLBronzeDriver.bundle/Contents/MacOS/AMDMTLBronzeDriver
0x00007fff5b53b000 	/System/Library/PrivateFrameworks/IOAccelMemoryInfo.framework/Versions/A/IOAccelMemoryInfo
0x00007fff37349000 	/System/Library/Extensions/AppleIntelKBLGraphicsMTLDriver.bundle/Contents/MacOS/AppleIntelKBLGraphicsMTLDriver
0x00007fff4e19b000 	/System/Library/PrivateFrameworks/AppleGVA.framework/Versions/A/AppleGVA
0x0000000113030000 	/Users/virojfernando/.javacpp/cache/opencv-4.0.1-1.5-macosx-x86_64.jar/org/bytedeco/opencv/macosx-x86_64/libopencv_highgui.4.0.dylib
0x000000012c228000 	/Users/virojfernando/.javacpp/cache/opencv-4.0.1-1.5-macosx-x86_64.jar/org/bytedeco/opencv/macosx-x86_64/libjniopencv_highgui.dylib
0x000000012c27d000 	/Users/virojfernando/.javacpp/cache/opencv-4.0.1-1.5-macosx-x86_64.jar/org/bytedeco/opencv/macosx-x86_64/libopencv_flann.4.0.dylib
0x0000000113073000 	/Users/virojfernando/.javacpp/cache/opencv-4.0.1-1.5-macosx-x86_64.jar/org/bytedeco/opencv/macosx-x86_64/libjniopencv_flann.dylib
0x000000012f018000 	/Library/Java/JavaVirtualMachines/jdk1.8.0_201.jdk/Contents/Home/jre/lib/libawt.dylib
0x0000000130aea000 	/Library/Java/JavaVirtualMachines/jdk1.8.0_201.jdk/Contents/Home/jre/lib/./libmlib_image.dylib
0x00007fff41e5b000 	/System/Library/Frameworks/JavaVM.framework/Versions/A/Frameworks/JavaNativeFoundation.framework/Versions/A/JavaNativeFoundation
0x00007fff41e64000 	/System/Library/Frameworks/JavaVM.framework/Versions/A/Frameworks/JavaRuntimeSupport.framework/Versions/A/JavaRuntimeSupport
0x0000000130bb6000 	/Library/Java/JavaVirtualMachines/jdk1.8.0_201.jdk/Contents/Home/jre/lib/libawt_lwawt.dylib
0x0000000113895000 	/Library/Java/JavaVirtualMachines/jdk1.8.0_201.jdk/Contents/Home/jre/lib/./libosxapp.dylib
0x00007fff3ff5f000 	/System/Library/Frameworks/ExceptionHandling.framework/Versions/A/ExceptionHandling
0x000000012c372000 	/Library/Java/JavaVirtualMachines/jdk1.8.0_201.jdk/Contents/Home/jre/lib/libjpeg.dylib
0x00000001311b6000 	/Users/virojfernando/.javacpp/cache/opencv-4.0.1-1.5-macosx-x86_64.jar/org/bytedeco/opencv/macosx-x86_64/libopencv_features2d.4.0.dylib
0x000000013075b000 	/Users/virojfernando/.javacpp/cache/opencv-4.0.1-1.5-macosx-x86_64.jar/org/bytedeco/opencv/macosx-x86_64/libjniopencv_features2d.dylib
0x000000012ff3f000 	/Users/virojfernando/.javacpp/cache/opencv-4.0.1-1.5-macosx-x86_64.jar/org/bytedeco/opencv/macosx-x86_64/libopencv_calib3d.4.0.dylib
0x000000012fdbb000 	/Users/virojfernando/.javacpp/cache/opencv-4.0.1-1.5-macosx-x86_64.jar/org/bytedeco/opencv/macosx-x86_64/libjniopencv_calib3d.dylib
0x000000012c2fd000 	/Users/virojfernando/.javacpp/cache/opencv-4.0.1-1.5-macosx-x86_64.jar/org/bytedeco/opencv/macosx-x86_64/libopencv_objdetect.4.0.dylib
0x0000000130156000 	/Users/virojfernando/.javacpp/cache/opencv-4.0.1-1.5-macosx-x86_64.jar/org/bytedeco/opencv/macosx-x86_64/libjniopencv_objdetect.dylib
0x00007fff463ef000 	/System/Library/Frameworks/OpenCL.framework/Versions/A/Libraries/libcldcpuengine.dylib
0x00007fff6768b000 	/usr/lib/libcrypto.35.dylib
0x00007fff64cc5000 	/System/Library/PrivateFrameworks/TrustEvaluationAgent.framework/Versions/A/TrustEvaluationAgent
0x00007fff36575000 	/System/Library/Extensions/AppleIntelKBLGraphicsGLDriver.bundle/Contents/MacOS/AppleIntelKBLGraphicsGLDriver
0x00007fff46e25000 	/System/Library/Frameworks/OpenGL.framework/Versions/A/Libraries/libGLProgrammability.dylib
0x00007fff59275000 	/System/Library/PrivateFrameworks/GPUSupport.framework/Versions/A/Libraries/libGPUSupportMercury.dylib
0x00000001301de000 	/System/Library/Extensions/AMDRadeonX4000GLDriver.bundle/Contents/MacOS/AMDRadeonX4000GLDriver
0x00007fff32ca4000 	/System/Library/Extensions/AMDRadeonX4000GLDriver.bundle/Contents/MacOS/ATIRadeonX4000SCLib.dylib
0x00007fff47b19000 	/System/Library/Frameworks/OpenGL.framework/Versions/A/Resources/GLRendererFloat.bundle/GLRendererFloat
0x0000000130c70000 	/Users/virojfernando/.javacpp/cache/opencv-4.0.1-1.5-macosx-x86_64.jar/org/bytedeco/opencv/macosx-x86_64/libopencv_photo.4.0.dylib
0x00000001306a4000 	/Users/virojfernando/.javacpp/cache/opencv-4.0.1-1.5-macosx-x86_64.jar/org/bytedeco/opencv/macosx-x86_64/libjniopencv_photo.dylib
0x0000000130d38000 	/Users/virojfernando/.javacpp/cache/opencv-4.0.1-1.5-macosx-x86_64.jar/org/bytedeco/opencv/macosx-x86_64/libopencv_face.4.0.dylib
0x0000000130df5000 	/Users/virojfernando/.javacpp/cache/opencv-4.0.1-1.5-macosx-x86_64.jar/org/bytedeco/opencv/macosx-x86_64/libjniopencv_face.dylib

VM Arguments:
jvm_args: -Dfile.encoding=UTF-8 -Duser.country=LK -Duser.language=en -Duser.variant 
java_command: com.theheavenscode.facerec.FacerecApplication
java_class_path (initial): /Users/virojfernando/Documents/Heaven'sCode/Java/CamStream/javacv/build/classes/java/main:/Users/virojfernando/Documents/Heaven'sCode/Java/CamStream/javacv/build/resources/main:/Users/virojfernando/Documents/Heaven'sCode/Java/CamStream/javacv/libs/bridj-0.6.3-20130316.190111-13.jar:/Users/virojfernando/Documents/Heaven'sCode/Java/CamStream/javacv/libs/bridj-0.7-20140918.jar:/Users/virojfernando/.gradle/caches/modules-2/files-2.1/org.springframework.boot/spring-boot-starter-web/2.1.4.RELEASE/a4659d55f57421a5ef122cb670b7b544ef8190e8/spring-boot-starter-web-2.1.4.RELEASE.jar:/Users/virojfernando/.gradle/caches/modules-2/files-2.1/org.bytedeco/javacv-platform/1.5/cdedce4a08bac01157d53ef84d202c067978a57/javacv-platform-1.5.jar:/Users/virojfernando/.gradle/caches/modules-2/files-2.1/com.github.sarxos/webcam-capture-driver-ipcam/0.3.12/ce1e58bde05a0730f2ee427a3a2c28ab3f60facc/webcam-capture-driver-ipcam-0.3.12.jar:/Users/virojfernando/.gradle/caches/modules-2/files-2.1/com.github.sarxos/webcam-capture/0.3.12/47b09a421def93b23397bc900ca9a0a31a4927f1/webcam-capture-0.3.12.jar:/Users/virojfernando/.gradle/caches/modules-2/files-2.1/org.springframework.boot/spring-boot-starter-json/2.1.4.RELEASE/247d7c2efae986f310a29e9fef7174adc91d0835/spring-boot-starter-json-2.1.4.RELEASE.jar:/Users/virojfernando/.gradle/caches/modules-2/files-2.1/org.springframework.boot/spring-boot-starter/2.1.4.RELEASE/8fa436ef4e273cb476d5dc3aa73701a8837460af/spring-boot-starter-2.1.4.RELEASE.jar:/Users/virojfernando/.gradle/caches/modules-2/files-2.1/org.springframework.boot/spring-boot-starter-logging/2.1.4.RELEASE/2fb669a89cd65b275be20ab755c3742399395dff/spring-boot-starter-logging-2.1.4.RELEASE.jar:/Users/virojfernando/.gradle/caches/modules-2/files-2.1/ch.qos.logback/logback-classic/1.2.3/7c4f3c474fb2c041d8028740440937705ebb473a/logback-classic-1.2.3.jar:/Users/virojfernando/.gradle/caches/modules-2/files-2.1/org.apache.logging.log4j/log4j-to-slf4j/2.11.2/6d37bf7b046c0ce2
Launcher Type: SUN_STANDARD

Environment Variables:
PATH=/usr/local/bin:/usr/bin:/bin:/usr/sbin:/sbin:/Users/virojfernando/Documents/Heaven\'sCode/j2objc-2.4:/usr/local/var/mongodb/bin:/Applications/Wireshark.app/Contents/MacOS
SHELL=/bin/bash

Signal Handlers:
SIGSEGV: [libjvm.dylib+0x5b723d], sa_mask[0]=11111111011111110111111111111111, sa_flags=SA_ONSTACK|SA_RESTART|SA_SIGINFO
SIGBUS: [libjvm.dylib+0x5b723d], sa_mask[0]=11111111011111110111111111111111, sa_flags=SA_RESTART|SA_SIGINFO
SIGFPE: [libjvm.dylib+0x48c9bc], sa_mask[0]=11111111011111110111111111111111, sa_flags=SA_RESTART|SA_SIGINFO
SIGPIPE: [libjvm.dylib+0x48c9bc], sa_mask[0]=11111111011111110111111111111111, sa_flags=SA_RESTART|SA_SIGINFO
SIGXFSZ: [libjvm.dylib+0x48c9bc], sa_mask[0]=11111111011111110111111111111111, sa_flags=SA_RESTART|SA_SIGINFO
SIGILL: [libjvm.dylib+0x48c9bc], sa_mask[0]=11111111011111110111111111111111, sa_flags=SA_RESTART|SA_SIGINFO
SIGUSR1: SIG_DFL, sa_mask[0]=11011111011111100000000111000110, sa_flags=none
SIGUSR2: [libjvm.dylib+0x48c4da], sa_mask[0]=00100000000000000000000000000000, sa_flags=SA_RESTART|SA_SIGINFO
SIGHUP: [libjvm.dylib+0x48aa65], sa_mask[0]=11111111011111110111111111111111, sa_flags=SA_RESTART|SA_SIGINFO
SIGINT: [libjvm.dylib+0x48aa65], sa_mask[0]=11111111011111110111111111111111, sa_flags=SA_RESTART|SA_SIGINFO
SIGTERM: [libjvm.dylib+0x48aa65], sa_mask[0]=11111111011111110111111111111111, sa_flags=SA_RESTART|SA_SIGINFO
SIGQUIT: [libjvm.dylib+0x48aa65], sa_mask[0]=11111111011111110111111111111111, sa_flags=SA_RESTART|SA_SIGINFO


---------------  S Y S T E M  ---------------

OS:Bsduname:Darwin 18.5.0 Darwin Kernel Version 18.5.0: Mon Mar 11 20:40:32 PDT 2019; root:xnu-4903.251.3~3/RELEASE_X86_64 x86_64
rlimit: STACK 8192k, CORE 0k, NPROC 1418, NOFILE 10240, AS infinity
load average:4.72 2.86 2.28

CPU:total 12 (initial active 12) (6 cores per cpu, 2 threads per core) family 6 model 158 stepping 10, cmov, cx8, fxsr, mmx, sse, sse2, sse3, ssse3, sse4.1, sse4.2, popcnt, avx, avx2, aes, clmul, erms, 3dnowpref, lzcnt, ht, tsc, tscinvbit, bmi1, bmi2, adx

Memory: 4k page, physical 16777216k(308144k free)

/proc/meminfo:


vm_info: Java HotSpot(TM) 64-Bit Server VM (25.201-b09) for bsd-amd64 JRE (1.8.0_201-b09), built on Dec 15 2018 18:35:23 by "java_re" with gcc 4.2.1 (Based on Apple Inc. build 5658) (LLVM build 2336.11.00)

time: Mon Apr 29 22:11:40 2019
timezone: +0530
elapsed time: 22 seconds (0d 0h 0m 22s)

